mode: atomic
pkg/config/config.go:14.30,20.45 5 0
pkg/config/config.go:20.45,22.3 1 0
pkg/config/config.go:24.2,25.46 2 0
pkg/config/config.go:25.46,27.3 1 0
pkg/config/config.go:29.2,29.18 1 0
pkg/common/encoder/base64.go:13.40,15.2 1 4
pkg/common/encoder/base64.go:28.52,30.2 1 9
pkg/common/encoder/base64.go:43.68,45.16 2 10
pkg/common/encoder/base64.go:45.16,47.3 1 1
pkg/common/encoder/base64.go:48.2,48.26 1 9
pkg/common/errors/error.go:64.48,65.43 1 13
pkg/common/errors/error.go:65.43,67.3 1 11
pkg/common/errors/error.go:68.2,68.56 1 2
pkg/common/errors/error.go:83.32,85.19 2 7
pkg/common/errors/error.go:85.19,87.3 1 0
pkg/common/errors/error.go:88.2,88.18 1 7
pkg/common/errors/error.go:88.18,90.3 1 3
pkg/common/errors/error.go:91.2,91.16 1 4
pkg/common/errors/error.go:96.32,98.2 1 5
pkg/common/errors/error.go:102.39,103.19 1 5
pkg/common/errors/error.go:103.19,105.3 1 0
pkg/common/errors/error.go:106.2,107.9 2 5
pkg/common/errors/error.go:107.9,109.3 1 2
pkg/common/errors/error.go:110.2,110.25 1 3
pkg/common/errors/error.go:114.68,116.2 1 37
pkg/common/errors/error.go:119.106,120.19 1 38
pkg/common/errors/error.go:120.19,122.3 1 7
pkg/common/errors/error.go:123.2,132.20 3 38
pkg/common/errors/error.go:132.20,134.10 2 191
pkg/common/errors/error.go:134.10,135.9 1 38
pkg/common/errors/error.go:137.3,138.67 2 153
pkg/common/errors/error.go:140.2,142.17 2 38
pkg/common/errors/error.go:146.53,148.32 2 4
pkg/common/errors/error.go:148.32,150.3 1 2
pkg/common/errors/error.go:151.2,151.14 1 2
pkg/common/errors/error.go:155.40,156.16 1 8
pkg/common/errors/error.go:156.16,158.3 1 1
pkg/common/errors/error.go:159.2,160.24 2 7
pkg/common/errors/error.go:160.24,162.3 1 3
pkg/common/errors/error.go:163.2,165.82 3 4
pkg/common/errors/error.go:169.37,170.16 1 8
pkg/common/errors/error.go:170.16,172.3 1 1
pkg/common/errors/error.go:173.2,174.24 2 7
pkg/common/errors/error.go:174.24,176.3 1 3
pkg/common/errors/error.go:177.2,178.29 2 4
pkg/common/errors/error.go:178.29,180.3 1 1
pkg/common/errors/error.go:181.2,183.70 1 3
pkg/common/errors/error.go:187.40,188.16 1 8
pkg/common/errors/error.go:188.16,190.3 1 1
pkg/common/errors/error.go:191.2,192.24 2 7
pkg/common/errors/error.go:192.24,194.3 1 3
pkg/common/errors/error.go:195.2,197.46 2 4
pkg/common/errors/error.go:201.37,203.2 1 2
pkg/common/errors/error.go:206.60,207.24 1 0
pkg/common/errors/error.go:207.24,209.3 1 0
pkg/common/errors/error.go:210.2,211.12 2 0
pkg/common/errors/error.go:215.51,217.24 2 3
pkg/common/errors/error.go:217.24,219.3 1 1
pkg/common/errors/error.go:220.2,220.12 1 2
pkg/common/errors/error.go:224.69,226.2 1 2
pkg/common/retry/retry.go:31.30,45.2 1 4
pkg/common/retry/retry.go:56.72,61.35 4 4
pkg/common/retry/retry.go:61.35,63.17 2 10
pkg/common/retry/retry.go:63.17,65.4 1 2
pkg/common/retry/retry.go:67.3,67.58 1 8
pkg/common/retry/retry.go:67.58,69.4 1 1
pkg/common/retry/retry.go:71.3,71.53 1 7
pkg/common/retry/retry.go:71.53,73.4 1 0
pkg/common/retry/retry.go:75.3,75.10 1 7
pkg/common/retry/retry.go:76.21,77.20 1 0
pkg/common/retry/retry.go:78.30,80.51 2 7
pkg/common/retry/retry.go:84.2,84.84 1 1
pkg/common/retry/retry.go:88.75,89.46 1 7
pkg/common/retry/retry.go:89.46,90.23 1 7
pkg/common/retry/retry.go:90.23,92.4 1 7
pkg/common/retry/retry.go:94.2,94.14 1 0
pkg/common/retry/retry.go:98.81,99.52 1 8
pkg/common/retry/retry.go:99.52,100.26 1 8
pkg/common/retry/retry.go:100.26,102.4 1 1
pkg/common/retry/retry.go:104.2,104.14 1 7
pkg/common/retry/retry.go:109.87,111.37 2 7
pkg/common/retry/retry.go:111.37,113.3 1 0
pkg/common/retry/retry.go:114.2,114.20 1 7
