mode: atomic
auth/ent/client.go:38.40,42.2 3 0
auth/ent/client.go:44.25,49.2 4 0
auth/ent/client.go:70.39,74.2 3 0
auth/ent/client.go:77.42,78.27 1 0
auth/ent/client.go:78.27,80.3 1 0
auth/ent/client.go:81.2,81.13 1 0
auth/ent/client.go:81.13,83.3 1 0
auth/ent/client.go:87.21,88.25 1 0
auth/ent/client.go:88.25,90.3 1 0
auth/ent/client.go:94.34,95.25 1 0
auth/ent/client.go:95.25,97.3 1 0
auth/ent/client.go:101.43,102.25 1 0
auth/ent/client.go:102.25,104.3 1 0
auth/ent/client.go:110.82,111.20 1 0
auth/ent/client.go:112.55,114.17 2 0
auth/ent/client.go:114.17,116.4 1 0
auth/ent/client.go:117.3,117.57 1 0
auth/ent/client.go:118.10,119.63 1 0
auth/ent/client.go:128.55,129.39 1 0
auth/ent/client.go:129.39,131.3 1 0
auth/ent/client.go:132.2,133.16 2 0
auth/ent/client.go:133.16,135.3 1 0
auth/ent/client.go:136.2,144.8 3 0
auth/ent/client.go:148.81,149.39 1 0
auth/ent/client.go:149.39,151.3 1 0
auth/ent/client.go:152.2,155.16 2 0
auth/ent/client.go:155.16,157.3 1 0
auth/ent/client.go:158.2,166.8 3 0
auth/ent/client.go:175.34,176.13 1 0
auth/ent/client.go:176.13,178.3 1 0
auth/ent/client.go:179.2,183.15 5 0
auth/ent/client.go:187.32,189.2 1 0
auth/ent/client.go:193.37,197.2 3 0
auth/ent/client.go:201.57,205.2 3 0
auth/ent/client.go:208.73,209.23 1 0
auth/ent/client.go:210.21,211.31 1 0
auth/ent/client.go:212.22,213.32 1 0
auth/ent/client.go:214.21,215.31 1 0
auth/ent/client.go:216.10,217.61 1 0
auth/ent/client.go:227.42,229.2 1 0
auth/ent/client.go:233.41,235.2 1 0
auth/ent/client.go:239.61,241.2 1 0
auth/ent/client.go:244.43,247.2 2 0
auth/ent/client.go:250.74,252.2 1 0
auth/ent/client.go:256.95,258.32 2 0
auth/ent/client.go:258.32,260.3 1 0
auth/ent/client.go:261.2,262.32 2 0
auth/ent/client.go:262.32,265.3 2 0
auth/ent/client.go:266.2,266.62 1 0
auth/ent/client.go:270.43,273.2 2 0
auth/ent/client.go:276.56,279.2 2 0
auth/ent/client.go:282.60,285.2 2 0
auth/ent/client.go:288.43,291.2 2 0
auth/ent/client.go:294.56,296.2 1 0
auth/ent/client.go:299.60,304.2 4 0
auth/ent/client.go:307.41,313.2 1 0
auth/ent/client.go:316.73,318.2 1 0
auth/ent/client.go:321.65,323.16 2 0
auth/ent/client.go:323.16,324.13 1 0
auth/ent/client.go:326.2,326.12 1 0
auth/ent/client.go:330.53,332.68 2 0
auth/ent/client.go:332.68,341.3 4 0
auth/ent/client.go:342.2,342.14 1 0
auth/ent/client.go:346.37,348.2 1 0
auth/ent/client.go:351.51,353.2 1 0
auth/ent/client.go:355.82,356.16 1 0
auth/ent/client.go:357.16,358.82 1 0
auth/ent/client.go:359.16,360.82 1 0
auth/ent/client.go:361.19,362.85 1 0
auth/ent/client.go:363.29,364.82 1 0
auth/ent/client.go:365.10,366.70 1 0
auth/ent/client.go:376.44,378.2 1 0
auth/ent/client.go:382.42,384.2 1 0
auth/ent/client.go:388.62,390.2 1 0
auth/ent/client.go:393.45,396.2 2 0
auth/ent/client.go:399.77,401.2 1 0
auth/ent/client.go:405.98,407.32 2 0
auth/ent/client.go:407.32,409.3 1 0
auth/ent/client.go:410.2,411.32 2 0
auth/ent/client.go:411.32,414.3 2 0
auth/ent/client.go:415.2,415.63 1 0
auth/ent/client.go:419.45,422.2 2 0
auth/ent/client.go:425.59,428.2 2 0
auth/ent/client.go:431.62,434.2 2 0
auth/ent/client.go:437.45,440.2 2 0
auth/ent/client.go:443.59,445.2 1 0
auth/ent/client.go:448.62,453.2 4 0
auth/ent/client.go:456.43,462.2 1 0
auth/ent/client.go:465.75,467.2 1 0
auth/ent/client.go:470.67,472.16 2 0
auth/ent/client.go:472.16,473.13 1 0
auth/ent/client.go:475.2,475.12 1 0
auth/ent/client.go:479.54,481.68 2 0
auth/ent/client.go:481.68,490.3 4 0
auth/ent/client.go:491.2,491.14 1 0
auth/ent/client.go:495.38,497.2 1 0
auth/ent/client.go:500.52,502.2 1 0
auth/ent/client.go:504.84,505.16 1 0
auth/ent/client.go:506.16,507.83 1 0
auth/ent/client.go:508.16,509.83 1 0
auth/ent/client.go:510.19,511.86 1 0
auth/ent/client.go:512.29,513.83 1 0
auth/ent/client.go:514.10,515.71 1 0
auth/ent/client.go:525.42,527.2 1 0
auth/ent/client.go:531.41,533.2 1 0
auth/ent/client.go:537.61,539.2 1 0
auth/ent/client.go:542.43,545.2 2 0
auth/ent/client.go:548.74,550.2 1 0
auth/ent/client.go:554.95,556.32 2 0
auth/ent/client.go:556.32,558.3 1 0
auth/ent/client.go:559.2,560.32 2 0
auth/ent/client.go:560.32,563.3 2 0
auth/ent/client.go:564.2,564.62 1 0
auth/ent/client.go:568.43,571.2 2 0
auth/ent/client.go:574.56,577.2 2 0
auth/ent/client.go:580.60,583.2 2 0
auth/ent/client.go:586.43,589.2 2 0
auth/ent/client.go:592.56,594.2 1 0
auth/ent/client.go:597.60,602.2 4 0
auth/ent/client.go:605.41,611.2 1 0
auth/ent/client.go:614.73,616.2 1 0
auth/ent/client.go:619.65,621.16 2 0
auth/ent/client.go:621.16,622.13 1 0
auth/ent/client.go:624.2,624.12 1 0
auth/ent/client.go:628.53,630.68 2 0
auth/ent/client.go:630.68,639.3 4 0
auth/ent/client.go:640.2,640.14 1 0
auth/ent/client.go:644.55,646.68 2 0
auth/ent/client.go:646.68,655.3 4 0
auth/ent/client.go:656.2,656.14 1 0
auth/ent/client.go:660.37,663.2 2 0
auth/ent/client.go:666.51,668.2 1 0
auth/ent/client.go:670.82,671.16 1 0
auth/ent/client.go:672.16,673.82 1 0
auth/ent/client.go:674.16,675.82 1 0
auth/ent/client.go:676.19,677.85 1 0
auth/ent/client.go:678.29,679.82 1 0
auth/ent/client.go:680.10,681.70 1 0
auth/ent/ent.go:42.47,45.2 2 0
auth/ent/ent.go:48.68,50.2 1 0
auth/ent/ent.go:55.45,58.2 2 0
auth/ent/ent.go:61.67,63.2 1 0
auth/ent/ent.go:75.46,76.22 1 0
auth/ent/ent.go:76.22,82.3 1 0
auth/ent/ent.go:83.2,83.35 1 0
auth/ent/ent.go:87.48,88.31 1 0
auth/ent/ent.go:88.31,89.28 1 0
auth/ent/ent.go:89.28,90.56 1 0
auth/ent/ent.go:90.56,92.5 1 0
auth/ent/ent.go:93.4,93.30 1 0
auth/ent/ent.go:99.49,100.31 1 0
auth/ent/ent.go:100.31,101.28 1 0
auth/ent/ent.go:101.28,102.56 1 0
auth/ent/ent.go:102.56,104.5 1 0
auth/ent/ent.go:105.4,105.31 1 0
auth/ent/ent.go:118.53,119.38 1 0
auth/ent/ent.go:119.38,121.3 1 0
auth/ent/ent.go:125.28,126.38 1 0
auth/ent/ent.go:126.38,128.3 1 0
auth/ent/ent.go:132.38,133.38 1 0
auth/ent/ent.go:133.38,134.59 1 0
auth/ent/ent.go:134.59,137.4 2 0
auth/ent/ent.go:138.3,138.29 1 0
auth/ent/ent.go:143.39,144.38 1 0
auth/ent/ent.go:144.38,145.59 1 0
auth/ent/ent.go:145.59,148.4 2 0
auth/ent/ent.go:149.3,149.29 1 0
auth/ent/ent.go:154.38,155.38 1 0
auth/ent/ent.go:155.38,156.59 1 0
auth/ent/ent.go:156.59,159.4 2 0
auth/ent/ent.go:160.3,160.29 1 0
auth/ent/ent.go:165.38,166.38 1 0
auth/ent/ent.go:166.38,167.59 1 0
auth/ent/ent.go:167.59,170.4 2 0
auth/ent/ent.go:171.3,171.29 1 0
auth/ent/ent.go:182.42,184.2 1 0
auth/ent/ent.go:187.42,189.2 1 0
auth/ent/ent.go:192.40,193.16 1 0
auth/ent/ent.go:193.16,195.3 1 0
auth/ent/ent.go:196.2,197.27 2 0
auth/ent/ent.go:206.40,208.2 1 0
auth/ent/ent.go:211.33,212.16 1 0
auth/ent/ent.go:212.16,214.3 1 0
auth/ent/ent.go:215.2,216.27 2 0
auth/ent/ent.go:220.36,221.21 1 0
auth/ent/ent.go:221.21,223.3 1 0
auth/ent/ent.go:224.2,224.12 1 0
auth/ent/ent.go:233.43,235.2 1 0
auth/ent/ent.go:238.36,239.16 1 0
auth/ent/ent.go:239.16,241.3 1 0
auth/ent/ent.go:242.2,243.27 2 0
auth/ent/ent.go:252.41,254.2 1 0
auth/ent/ent.go:257.34,258.16 1 0
auth/ent/ent.go:258.16,260.3 1 0
auth/ent/ent.go:261.2,262.27 2 0
auth/ent/ent.go:274.41,276.2 1 0
auth/ent/ent.go:279.42,281.2 1 0
auth/ent/ent.go:284.40,285.16 1 0
auth/ent/ent.go:285.16,287.3 1 0
auth/ent/ent.go:288.2,289.27 2 0
auth/ent/ent.go:301.54,302.39 1 0
auth/ent/ent.go:302.39,303.13 1 0
auth/ent/ent.go:308.67,309.22 1 0
auth/ent/ent.go:309.22,311.3 1 0
auth/ent/ent.go:312.2,313.40 2 0
auth/ent/ent.go:313.40,315.3 1 0
auth/ent/ent.go:316.2,316.15 1 0
auth/ent/ent.go:320.59,322.16 2 0
auth/ent/ent.go:322.16,323.13 1 0
auth/ent/ent.go:325.2,325.10 1 0
auth/ent/ent.go:329.70,331.41 2 0
auth/ent/ent.go:331.41,333.3 1 0
auth/ent/ent.go:334.2,334.16 1 0
auth/ent/ent.go:335.9,336.19 1 0
auth/ent/ent.go:337.9,338.32 1 0
auth/ent/ent.go:339.10,340.85 1 0
auth/ent/ent.go:342.2,342.8 1 0
auth/ent/ent.go:346.56,348.16 2 0
auth/ent/ent.go:348.16,349.13 1 0
auth/ent/ent.go:351.2,351.10 1 0
auth/ent/ent.go:355.61,356.22 1 0
auth/ent/ent.go:356.22,358.3 1 0
auth/ent/ent.go:359.2,360.40 2 0
auth/ent/ent.go:360.40,362.3 1 0
auth/ent/ent.go:363.2,363.15 1 0
auth/ent/ent.go:367.53,369.16 2 0
auth/ent/ent.go:369.16,370.13 1 0
auth/ent/ent.go:372.2,372.10 1 0
auth/ent/ent.go:376.64,378.38 2 0
auth/ent/ent.go:378.38,380.3 1 0
auth/ent/ent.go:381.2,381.16 1 0
auth/ent/ent.go:382.9,383.19 1 0
auth/ent/ent.go:384.9,385.32 1 0
auth/ent/ent.go:386.10,387.82 1 0
auth/ent/ent.go:389.2,389.8 1 0
auth/ent/ent.go:393.50,395.16 2 0
auth/ent/ent.go:395.16,396.13 1 0
auth/ent/ent.go:398.2,398.10 1 0
auth/ent/ent.go:402.69,403.22 1 0
auth/ent/ent.go:403.22,405.3 1 0
auth/ent/ent.go:406.2,407.40 2 0
auth/ent/ent.go:407.40,409.3 1 0
auth/ent/ent.go:410.2,410.15 1 0
auth/ent/ent.go:414.61,416.16 2 0
auth/ent/ent.go:416.16,417.13 1 0
auth/ent/ent.go:419.2,419.10 1 0
auth/ent/ent.go:423.72,425.42 2 0
auth/ent/ent.go:425.42,427.3 1 0
auth/ent/ent.go:428.2,428.16 1 0
auth/ent/ent.go:429.9,430.19 1 0
auth/ent/ent.go:431.9,432.32 1 0
auth/ent/ent.go:433.10,434.86 1 0
auth/ent/ent.go:436.2,436.8 1 0
auth/ent/ent.go:440.58,442.16 2 0
auth/ent/ent.go:442.16,443.13 1 0
auth/ent/ent.go:445.2,445.10 1 0
auth/ent/ent.go:449.63,450.22 1 0
auth/ent/ent.go:450.22,452.3 1 0
auth/ent/ent.go:453.2,454.40 2 0
auth/ent/ent.go:454.40,456.3 1 0
auth/ent/ent.go:457.2,457.15 1 0
auth/ent/ent.go:461.55,463.16 2 0
auth/ent/ent.go:463.16,464.13 1 0
auth/ent/ent.go:466.2,466.10 1 0
auth/ent/ent.go:470.66,472.39 2 0
auth/ent/ent.go:472.39,474.3 1 0
auth/ent/ent.go:475.2,475.16 1 0
auth/ent/ent.go:476.9,477.19 1 0
auth/ent/ent.go:478.9,479.32 1 0
auth/ent/ent.go:480.10,481.83 1 0
auth/ent/ent.go:483.2,483.8 1 0
auth/ent/ent.go:487.52,489.16 2 0
auth/ent/ent.go:489.16,490.13 1 0
auth/ent/ent.go:492.2,492.10 1 0
auth/ent/ent.go:499.112,500.21 1 0
auth/ent/ent.go:500.21,502.3 1 0
auth/ent/ent.go:503.2,503.84 1 0
auth/ent/ent.go:503.84,505.10 2 0
auth/ent/ent.go:505.10,507.4 1 0
auth/ent/ent.go:509.3,510.19 2 0
auth/ent/ent.go:512.2,512.39 1 0
auth/ent/ent.go:512.39,513.22 1 0
auth/ent/ent.go:513.22,515.4 1 0
auth/ent/ent.go:516.3,516.22 1 0
auth/ent/ent.go:518.2,519.16 2 0
auth/ent/ent.go:519.16,521.3 1 0
auth/ent/ent.go:522.2,523.9 2 0
auth/ent/ent.go:523.9,525.3 1 0
auth/ent/ent.go:526.2,526.16 1 0
auth/ent/ent.go:530.85,531.38 1 0
auth/ent/ent.go:531.38,534.3 2 0
auth/ent/ent.go:535.2,535.12 1 0
auth/ent/ent.go:540.14,541.71 1 0
auth/ent/ent.go:541.71,543.10 2 0
auth/ent/ent.go:543.10,545.4 1 0
auth/ent/ent.go:546.3,546.27 1 0
auth/ent/ent.go:552.14,553.71 1 0
auth/ent/ent.go:553.71,555.10 2 0
auth/ent/ent.go:555.10,557.4 1 0
auth/ent/ent.go:558.3,558.29 1 0
auth/ent/ent.go:562.113,563.40 1 0
auth/ent/ent.go:563.40,565.3 1 0
auth/ent/ent.go:566.2,567.16 2 0
auth/ent/ent.go:567.16,569.3 1 0
auth/ent/ent.go:570.2,571.9 2 0
auth/ent/ent.go:571.9,573.3 1 0
auth/ent/ent.go:574.2,574.16 1 0
auth/ent/ent.go:579.92,581.81 2 0
auth/ent/ent.go:581.81,583.10 2 0
auth/ent/ent.go:583.10,585.4 1 0
auth/ent/ent.go:586.3,586.62 1 0
auth/ent/ent.go:586.62,588.4 1 0
auth/ent/ent.go:589.3,589.71 1 0
auth/ent/ent.go:589.71,591.4 1 0
auth/ent/ent.go:592.3,592.16 1 0
auth/ent/ent.go:594.2,594.40 1 0
auth/ent/ent.go:594.40,596.3 1 0
auth/ent/ent.go:597.2,598.16 2 0
auth/ent/ent.go:598.16,600.3 1 0
auth/ent/ent.go:601.2,601.37 1 0
auth/ent/ent.go:602.61,602.61 0 0
auth/ent/ent.go:603.31,604.28 1 0
auth/ent/ent.go:605.38,606.21 1 0
auth/ent/ent.go:608.2,608.12 1 0
auth/ent/mutation.go:60.73,67.27 2 0
auth/ent/mutation.go:67.27,69.3 1 0
auth/ent/mutation.go:70.2,70.10 1 0
auth/ent/mutation.go:74.39,75.31 1 0
auth/ent/mutation.go:75.31,81.57 2 0
auth/ent/mutation.go:81.57,82.19 1 0
auth/ent/mutation.go:82.19,83.15 1 0
auth/ent/mutation.go:83.15,85.6 1 0
auth/ent/mutation.go:85.11,87.6 1 0
auth/ent/mutation.go:89.4,89.21 1 0
auth/ent/mutation.go:91.3,91.13 1 0
auth/ent/mutation.go:96.38,97.31 1 0
auth/ent/mutation.go:97.31,98.53 1 0
auth/ent/mutation.go:98.53,100.4 1 0
auth/ent/mutation.go:101.3,101.18 1 0
auth/ent/mutation.go:107.40,111.2 3 0
auth/ent/mutation.go:115.41,116.40 1 0
auth/ent/mutation.go:116.40,118.3 1 0
auth/ent/mutation.go:119.2,121.16 3 0
auth/ent/mutation.go:126.41,128.2 1 0
auth/ent/mutation.go:132.54,133.17 1 0
auth/ent/mutation.go:133.17,135.3 1 0
auth/ent/mutation.go:136.2,136.20 1 0
auth/ent/mutation.go:143.67,144.9 1 0
auth/ent/mutation.go:145.42,147.13 2 0
auth/ent/mutation.go:147.13,149.4 1 0
auth/ent/mutation.go:150.3,150.14 1 0
auth/ent/mutation.go:151.36,152.65 1 0
auth/ent/mutation.go:153.10,154.70 1 0
auth/ent/mutation.go:159.42,161.2 1 0
auth/ent/mutation.go:164.55,166.14 2 0
auth/ent/mutation.go:166.14,168.3 1 0
auth/ent/mutation.go:169.2,169.17 1 0
auth/ent/mutation.go:175.75,176.27 1 0
auth/ent/mutation.go:176.27,178.3 1 0
auth/ent/mutation.go:179.2,179.38 1 0
auth/ent/mutation.go:179.38,181.3 1 0
auth/ent/mutation.go:182.2,183.16 2 0
auth/ent/mutation.go:183.16,185.3 1 0
auth/ent/mutation.go:186.2,186.27 1 0
auth/ent/mutation.go:190.36,192.2 1 0
auth/ent/mutation.go:195.51,198.2 2 0
auth/ent/mutation.go:201.64,203.14 2 0
auth/ent/mutation.go:203.14,205.3 1 0
auth/ent/mutation.go:206.2,206.17 1 0
auth/ent/mutation.go:212.84,213.27 1 0
auth/ent/mutation.go:213.27,215.3 1 0
auth/ent/mutation.go:216.2,216.38 1 0
auth/ent/mutation.go:216.38,218.3 1 0
auth/ent/mutation.go:219.2,220.16 2 0
auth/ent/mutation.go:220.16,222.3 1 0
auth/ent/mutation.go:223.2,223.34 1 0
auth/ent/mutation.go:227.54,229.2 1 0
auth/ent/mutation.go:232.63,233.35 1 0
auth/ent/mutation.go:233.35,235.3 1 0
auth/ent/mutation.go:236.2,236.34 1 0
auth/ent/mutation.go:240.43,243.2 2 0
auth/ent/mutation.go:246.50,248.2 1 0
auth/ent/mutation.go:251.63,253.14 2 0
auth/ent/mutation.go:253.14,255.3 1 0
auth/ent/mutation.go:256.2,256.17 1 0
auth/ent/mutation.go:262.83,263.27 1 0
auth/ent/mutation.go:263.27,265.3 1 0
auth/ent/mutation.go:266.2,266.38 1 0
auth/ent/mutation.go:266.38,268.3 1 0
auth/ent/mutation.go:269.2,270.16 2 0
auth/ent/mutation.go:270.16,272.3 1 0
auth/ent/mutation.go:273.2,273.32 1 0
auth/ent/mutation.go:277.41,279.2 1 0
auth/ent/mutation.go:282.50,284.2 1 0
auth/ent/mutation.go:287.63,289.14 2 0
auth/ent/mutation.go:289.14,291.3 1 0
auth/ent/mutation.go:292.2,292.17 1 0
auth/ent/mutation.go:298.83,299.27 1 0
auth/ent/mutation.go:299.27,301.3 1 0
auth/ent/mutation.go:302.2,302.38 1 0
auth/ent/mutation.go:302.38,304.3 1 0
auth/ent/mutation.go:305.2,306.16 2 0
auth/ent/mutation.go:306.16,308.3 1 0
auth/ent/mutation.go:309.2,309.32 1 0
auth/ent/mutation.go:313.41,315.2 1 0
auth/ent/mutation.go:318.50,319.20 1 0
auth/ent/mutation.go:319.20,321.3 1 0
auth/ent/mutation.go:322.2,322.21 1 0
auth/ent/mutation.go:322.21,324.3 1 0
auth/ent/mutation.go:328.37,330.2 1 0
auth/ent/mutation.go:333.44,335.2 1 0
auth/ent/mutation.go:338.53,339.27 1 0
auth/ent/mutation.go:339.27,341.3 1 0
auth/ent/mutation.go:342.2,342.21 1 0
auth/ent/mutation.go:342.21,345.3 2 0
auth/ent/mutation.go:349.57,350.33 1 0
auth/ent/mutation.go:350.33,352.3 1 0
auth/ent/mutation.go:353.2,353.8 1 0
auth/ent/mutation.go:357.50,358.26 1 0
auth/ent/mutation.go:358.26,360.3 1 0
auth/ent/mutation.go:361.2,361.8 1 0
auth/ent/mutation.go:365.37,369.2 3 0
auth/ent/mutation.go:372.52,374.2 1 0
auth/ent/mutation.go:378.58,380.20 2 0
auth/ent/mutation.go:380.20,382.3 1 0
auth/ent/mutation.go:383.2,383.15 1 0
auth/ent/mutation.go:387.32,389.2 1 0
auth/ent/mutation.go:392.37,394.2 1 0
auth/ent/mutation.go:397.38,399.2 1 0
auth/ent/mutation.go:404.42,406.19 2 0
auth/ent/mutation.go:406.19,408.3 1 0
auth/ent/mutation.go:409.2,409.26 1 0
auth/ent/mutation.go:409.26,411.3 1 0
auth/ent/mutation.go:412.2,412.25 1 0
auth/ent/mutation.go:412.25,414.3 1 0
auth/ent/mutation.go:415.2,415.25 1 0
auth/ent/mutation.go:415.25,417.3 1 0
auth/ent/mutation.go:418.2,418.15 1 0
auth/ent/mutation.go:424.61,425.14 1 0
auth/ent/mutation.go:426.22,427.18 1 0
auth/ent/mutation.go:428.29,429.25 1 0
auth/ent/mutation.go:430.27,431.23 1 0
auth/ent/mutation.go:432.27,433.23 1 0
auth/ent/mutation.go:435.2,435.19 1 0
auth/ent/mutation.go:441.86,442.14 1 0
auth/ent/mutation.go:443.22,444.24 1 0
auth/ent/mutation.go:445.29,446.31 1 0
auth/ent/mutation.go:447.27,448.29 1 0
auth/ent/mutation.go:449.27,450.29 1 0
auth/ent/mutation.go:452.2,452.55 1 0
auth/ent/mutation.go:458.69,459.14 1 0
auth/ent/mutation.go:460.22,462.10 2 0
auth/ent/mutation.go:462.10,464.4 1 0
auth/ent/mutation.go:465.3,466.13 2 0
auth/ent/mutation.go:467.29,469.10 2 0
auth/ent/mutation.go:469.10,471.4 1 0
auth/ent/mutation.go:472.3,473.13 2 0
auth/ent/mutation.go:474.27,476.10 2 0
auth/ent/mutation.go:476.10,478.4 1 0
auth/ent/mutation.go:479.3,480.13 2 0
auth/ent/mutation.go:481.27,483.10 2 0
auth/ent/mutation.go:483.10,485.4 1 0
auth/ent/mutation.go:486.3,487.13 2 0
auth/ent/mutation.go:489.2,489.50 1 0
auth/ent/mutation.go:494.47,496.2 1 0
auth/ent/mutation.go:501.66,503.2 1 0
auth/ent/mutation.go:508.69,509.14 1 0
auth/ent/mutation.go:511.2,511.58 1 0
auth/ent/mutation.go:516.49,518.2 1 0
auth/ent/mutation.go:522.55,525.2 2 0
auth/ent/mutation.go:529.54,531.2 1 0
auth/ent/mutation.go:535.54,536.14 1 0
auth/ent/mutation.go:537.22,539.13 2 0
auth/ent/mutation.go:540.29,542.13 2 0
auth/ent/mutation.go:543.27,545.13 2 0
auth/ent/mutation.go:546.27,548.13 2 0
auth/ent/mutation.go:550.2,550.50 1 0
auth/ent/mutation.go:554.46,556.20 2 0
auth/ent/mutation.go:556.20,558.3 1 0
auth/ent/mutation.go:559.2,559.14 1 0
auth/ent/mutation.go:564.58,565.14 1 0
auth/ent/mutation.go:566.22,568.27 2 0
auth/ent/mutation.go:568.27,570.4 1 0
auth/ent/mutation.go:571.3,571.13 1 0
auth/ent/mutation.go:573.2,573.12 1 0
auth/ent/mutation.go:577.48,579.27 2 0
auth/ent/mutation.go:579.27,581.3 1 0
auth/ent/mutation.go:582.2,582.14 1 0
auth/ent/mutation.go:587.60,588.14 1 0
auth/ent/mutation.go:589.22,591.34 2 0
auth/ent/mutation.go:591.34,593.4 1 0
auth/ent/mutation.go:594.3,594.13 1 0
auth/ent/mutation.go:596.2,596.12 1 0
auth/ent/mutation.go:600.48,602.20 2 0
auth/ent/mutation.go:602.20,604.3 1 0
auth/ent/mutation.go:605.2,605.14 1 0
auth/ent/mutation.go:610.54,611.14 1 0
auth/ent/mutation.go:612.22,613.24 1 0
auth/ent/mutation.go:615.2,615.14 1 0
auth/ent/mutation.go:620.53,621.14 1 0
auth/ent/mutation.go:623.2,623.56 1 0
auth/ent/mutation.go:628.53,629.14 1 0
auth/ent/mutation.go:630.22,632.13 2 0
auth/ent/mutation.go:634.2,634.49 1 0
auth/ent/mutation.go:663.76,670.27 2 0
auth/ent/mutation.go:670.27,672.3 1 0
auth/ent/mutation.go:673.2,673.10 1 0
auth/ent/mutation.go:677.41,678.32 1 0
auth/ent/mutation.go:678.32,684.58 2 0
auth/ent/mutation.go:684.58,685.19 1 0
auth/ent/mutation.go:685.19,686.15 1 0
auth/ent/mutation.go:686.15,688.6 1 0
auth/ent/mutation.go:688.11,690.6 1 0
auth/ent/mutation.go:692.4,692.21 1 0
auth/ent/mutation.go:694.3,694.13 1 0
auth/ent/mutation.go:699.41,700.32 1 0
auth/ent/mutation.go:700.32,701.54 1 0
auth/ent/mutation.go:701.54,703.4 1 0
auth/ent/mutation.go:704.3,704.18 1 0
auth/ent/mutation.go:710.41,714.2 3 0
auth/ent/mutation.go:718.42,719.40 1 0
auth/ent/mutation.go:719.40,721.3 1 0
auth/ent/mutation.go:722.2,724.16 3 0
auth/ent/mutation.go:729.42,731.2 1 0
auth/ent/mutation.go:735.55,736.17 1 0
auth/ent/mutation.go:736.17,738.3 1 0
auth/ent/mutation.go:739.2,739.20 1 0
auth/ent/mutation.go:746.68,747.9 1 0
auth/ent/mutation.go:748.42,750.13 2 0
auth/ent/mutation.go:750.13,752.4 1 0
auth/ent/mutation.go:753.3,753.14 1 0
auth/ent/mutation.go:754.36,755.66 1 0
auth/ent/mutation.go:756.10,757.70 1 0
auth/ent/mutation.go:762.44,764.2 1 0
auth/ent/mutation.go:767.57,769.14 2 0
auth/ent/mutation.go:769.14,771.3 1 0
auth/ent/mutation.go:772.2,772.17 1 0
auth/ent/mutation.go:778.77,779.27 1 0
auth/ent/mutation.go:779.27,781.3 1 0
auth/ent/mutation.go:782.2,782.38 1 0
auth/ent/mutation.go:782.38,784.3 1 0
auth/ent/mutation.go:785.2,786.16 2 0
auth/ent/mutation.go:786.16,788.3 1 0
auth/ent/mutation.go:789.2,789.28 1 0
auth/ent/mutation.go:793.38,795.2 1 0
auth/ent/mutation.go:798.47,800.2 1 0
auth/ent/mutation.go:803.63,805.14 2 0
auth/ent/mutation.go:805.14,807.3 1 0
auth/ent/mutation.go:808.2,808.17 1 0
auth/ent/mutation.go:814.80,815.27 1 0
auth/ent/mutation.go:815.27,817.3 1 0
auth/ent/mutation.go:818.2,818.38 1 0
auth/ent/mutation.go:818.38,820.3 1 0
auth/ent/mutation.go:821.2,822.16 2 0
auth/ent/mutation.go:822.16,824.3 1 0
auth/ent/mutation.go:825.2,825.27 1 0
auth/ent/mutation.go:829.37,831.2 1 0
auth/ent/mutation.go:834.51,836.2 1 0
auth/ent/mutation.go:839.64,841.14 2 0
auth/ent/mutation.go:841.14,843.3 1 0
auth/ent/mutation.go:844.2,844.17 1 0
auth/ent/mutation.go:850.84,851.27 1 0
auth/ent/mutation.go:851.27,853.3 1 0
auth/ent/mutation.go:854.2,854.38 1 0
auth/ent/mutation.go:854.38,856.3 1 0
auth/ent/mutation.go:857.2,858.16 2 0
auth/ent/mutation.go:858.16,860.3 1 0
auth/ent/mutation.go:861.2,861.32 1 0
auth/ent/mutation.go:865.42,867.2 1 0
auth/ent/mutation.go:870.44,872.2 1 0
auth/ent/mutation.go:875.57,877.14 2 0
auth/ent/mutation.go:877.14,879.3 1 0
auth/ent/mutation.go:880.2,880.17 1 0
auth/ent/mutation.go:886.77,887.27 1 0
auth/ent/mutation.go:887.27,889.3 1 0
auth/ent/mutation.go:890.2,890.38 1 0
auth/ent/mutation.go:890.38,892.3 1 0
auth/ent/mutation.go:893.2,894.16 2 0
auth/ent/mutation.go:894.16,896.3 1 0
auth/ent/mutation.go:897.2,897.30 1 0
auth/ent/mutation.go:901.40,903.2 1 0
auth/ent/mutation.go:906.51,908.2 1 0
auth/ent/mutation.go:911.64,913.14 2 0
auth/ent/mutation.go:913.14,915.3 1 0
auth/ent/mutation.go:916.2,916.17 1 0
auth/ent/mutation.go:922.84,923.27 1 0
auth/ent/mutation.go:923.27,925.3 1 0
auth/ent/mutation.go:926.2,926.38 1 0
auth/ent/mutation.go:926.38,928.3 1 0
auth/ent/mutation.go:929.2,930.16 2 0
auth/ent/mutation.go:930.16,932.3 1 0
auth/ent/mutation.go:933.2,933.32 1 0
auth/ent/mutation.go:937.42,939.2 1 0
auth/ent/mutation.go:942.51,944.2 1 0
auth/ent/mutation.go:947.64,949.14 2 0
auth/ent/mutation.go:949.14,951.3 1 0
auth/ent/mutation.go:952.2,952.17 1 0
auth/ent/mutation.go:958.84,959.27 1 0
auth/ent/mutation.go:959.27,961.3 1 0
auth/ent/mutation.go:962.2,962.38 1 0
auth/ent/mutation.go:962.38,964.3 1 0
auth/ent/mutation.go:965.2,966.16 2 0
auth/ent/mutation.go:966.16,968.3 1 0
auth/ent/mutation.go:969.2,969.32 1 0
auth/ent/mutation.go:973.42,975.2 1 0
auth/ent/mutation.go:978.46,980.2 1 0
auth/ent/mutation.go:983.37,985.2 1 0
auth/ent/mutation.go:988.44,990.2 1 0
auth/ent/mutation.go:993.59,994.19 1 0
auth/ent/mutation.go:994.19,996.3 1 0
auth/ent/mutation.go:997.2,997.8 1 0
auth/ent/mutation.go:1003.50,1004.29 1 0
auth/ent/mutation.go:1004.29,1006.3 1 0
auth/ent/mutation.go:1007.2,1007.8 1 0
auth/ent/mutation.go:1011.37,1014.2 2 0
auth/ent/mutation.go:1017.54,1019.2 1 0
auth/ent/mutation.go:1023.59,1025.20 2 0
auth/ent/mutation.go:1025.20,1027.3 1 0
auth/ent/mutation.go:1028.2,1028.15 1 0
auth/ent/mutation.go:1032.33,1034.2 1 0
auth/ent/mutation.go:1037.38,1039.2 1 0
auth/ent/mutation.go:1042.39,1044.2 1 0
auth/ent/mutation.go:1049.43,1051.20 2 0
auth/ent/mutation.go:1051.20,1053.3 1 0
auth/ent/mutation.go:1054.2,1054.20 1 0
auth/ent/mutation.go:1054.20,1056.3 1 0
auth/ent/mutation.go:1057.2,1057.25 1 0
auth/ent/mutation.go:1057.25,1059.3 1 0
auth/ent/mutation.go:1060.2,1060.22 1 0
auth/ent/mutation.go:1060.22,1062.3 1 0
auth/ent/mutation.go:1063.2,1063.25 1 0
auth/ent/mutation.go:1063.25,1065.3 1 0
auth/ent/mutation.go:1066.2,1066.25 1 0
auth/ent/mutation.go:1066.25,1068.3 1 0
auth/ent/mutation.go:1069.2,1069.15 1 0
auth/ent/mutation.go:1075.62,1076.14 1 0
auth/ent/mutation.go:1077.24,1078.19 1 0
auth/ent/mutation.go:1079.23,1080.21 1 0
auth/ent/mutation.go:1081.28,1082.23 1 0
auth/ent/mutation.go:1083.26,1084.21 1 0
auth/ent/mutation.go:1085.28,1086.23 1 0
auth/ent/mutation.go:1087.28,1088.23 1 0
auth/ent/mutation.go:1090.2,1090.19 1 0
auth/ent/mutation.go:1096.87,1097.14 1 0
auth/ent/mutation.go:1098.24,1099.25 1 0
auth/ent/mutation.go:1100.23,1101.24 1 0
auth/ent/mutation.go:1102.28,1103.29 1 0
auth/ent/mutation.go:1104.26,1105.27 1 0
auth/ent/mutation.go:1106.28,1107.29 1 0
auth/ent/mutation.go:1108.28,1109.29 1 0
auth/ent/mutation.go:1111.2,1111.56 1 0
auth/ent/mutation.go:1117.70,1118.14 1 0
auth/ent/mutation.go:1119.24,1121.10 2 0
auth/ent/mutation.go:1121.10,1123.4 1 0
auth/ent/mutation.go:1124.3,1125.13 2 0
auth/ent/mutation.go:1126.23,1128.10 2 0
auth/ent/mutation.go:1128.10,1130.4 1 0
auth/ent/mutation.go:1131.3,1132.13 2 0
auth/ent/mutation.go:1133.28,1135.10 2 0
auth/ent/mutation.go:1135.10,1137.4 1 0
auth/ent/mutation.go:1138.3,1139.13 2 0
auth/ent/mutation.go:1140.26,1142.10 2 0
auth/ent/mutation.go:1142.10,1144.4 1 0
auth/ent/mutation.go:1145.3,1146.13 2 0
auth/ent/mutation.go:1147.28,1149.10 2 0
auth/ent/mutation.go:1149.10,1151.4 1 0
auth/ent/mutation.go:1152.3,1153.13 2 0
auth/ent/mutation.go:1154.28,1156.10 2 0
auth/ent/mutation.go:1156.10,1158.4 1 0
auth/ent/mutation.go:1159.3,1160.13 2 0
auth/ent/mutation.go:1162.2,1162.51 1 0
auth/ent/mutation.go:1167.48,1169.2 1 0
auth/ent/mutation.go:1174.67,1176.2 1 0
auth/ent/mutation.go:1181.70,1182.14 1 0
auth/ent/mutation.go:1184.2,1184.59 1 0
auth/ent/mutation.go:1189.50,1191.2 1 0
auth/ent/mutation.go:1195.56,1198.2 2 0
auth/ent/mutation.go:1202.55,1204.2 1 0
auth/ent/mutation.go:1208.55,1209.14 1 0
auth/ent/mutation.go:1210.24,1212.13 2 0
auth/ent/mutation.go:1213.23,1215.13 2 0
auth/ent/mutation.go:1216.28,1218.13 2 0
auth/ent/mutation.go:1219.26,1221.13 2 0
auth/ent/mutation.go:1222.28,1224.13 2 0
auth/ent/mutation.go:1225.28,1227.13 2 0
auth/ent/mutation.go:1229.2,1229.51 1 0
auth/ent/mutation.go:1233.47,1235.19 2 0
auth/ent/mutation.go:1235.19,1237.3 1 0
auth/ent/mutation.go:1238.2,1238.14 1 0
auth/ent/mutation.go:1243.59,1244.14 1 0
auth/ent/mutation.go:1245.22,1246.30 1 0
auth/ent/mutation.go:1246.30,1248.4 1 0
auth/ent/mutation.go:1250.2,1250.12 1 0
auth/ent/mutation.go:1254.49,1257.2 2 0
auth/ent/mutation.go:1261.61,1263.2 1 0
auth/ent/mutation.go:1266.49,1268.19 2 0
auth/ent/mutation.go:1268.19,1270.3 1 0
auth/ent/mutation.go:1271.2,1271.14 1 0
auth/ent/mutation.go:1276.55,1277.14 1 0
auth/ent/mutation.go:1278.22,1279.23 1 0
auth/ent/mutation.go:1281.2,1281.14 1 0
auth/ent/mutation.go:1286.54,1287.14 1 0
auth/ent/mutation.go:1288.22,1290.13 2 0
auth/ent/mutation.go:1292.2,1292.57 1 0
auth/ent/mutation.go:1297.54,1298.14 1 0
auth/ent/mutation.go:1299.22,1301.13 2 0
auth/ent/mutation.go:1303.2,1303.50 1 0
auth/ent/mutation.go:1335.73,1342.27 2 0
auth/ent/mutation.go:1342.27,1344.3 1 0
auth/ent/mutation.go:1345.2,1345.10 1 0
auth/ent/mutation.go:1349.39,1350.31 1 0
auth/ent/mutation.go:1350.31,1356.57 2 0
auth/ent/mutation.go:1356.57,1357.19 1 0
auth/ent/mutation.go:1357.19,1358.15 1 0
auth/ent/mutation.go:1358.15,1360.6 1 0
auth/ent/mutation.go:1360.11,1362.6 1 0
auth/ent/mutation.go:1364.4,1364.21 1 0
auth/ent/mutation.go:1366.3,1366.13 1 0
auth/ent/mutation.go:1371.38,1372.31 1 0
auth/ent/mutation.go:1372.31,1373.53 1 0
auth/ent/mutation.go:1373.53,1375.4 1 0
auth/ent/mutation.go:1376.3,1376.18 1 0
auth/ent/mutation.go:1382.40,1386.2 3 0
auth/ent/mutation.go:1390.41,1391.40 1 0
auth/ent/mutation.go:1391.40,1393.3 1 0
auth/ent/mutation.go:1394.2,1396.16 3 0
auth/ent/mutation.go:1401.41,1403.2 1 0
auth/ent/mutation.go:1407.54,1408.17 1 0
auth/ent/mutation.go:1408.17,1410.3 1 0
auth/ent/mutation.go:1411.2,1411.20 1 0
auth/ent/mutation.go:1418.67,1419.9 1 0
auth/ent/mutation.go:1420.42,1422.13 2 0
auth/ent/mutation.go:1422.13,1424.4 1 0
auth/ent/mutation.go:1425.3,1425.14 1 0
auth/ent/mutation.go:1426.36,1427.65 1 0
auth/ent/mutation.go:1428.10,1429.70 1 0
auth/ent/mutation.go:1434.46,1436.2 1 0
auth/ent/mutation.go:1439.59,1441.14 2 0
auth/ent/mutation.go:1441.14,1443.3 1 0
auth/ent/mutation.go:1444.2,1444.17 1 0
auth/ent/mutation.go:1450.79,1451.27 1 0
auth/ent/mutation.go:1451.27,1453.3 1 0
auth/ent/mutation.go:1454.2,1454.38 1 0
auth/ent/mutation.go:1454.38,1456.3 1 0
auth/ent/mutation.go:1457.2,1458.16 2 0
auth/ent/mutation.go:1458.16,1460.3 1 0
auth/ent/mutation.go:1461.2,1461.31 1 0
auth/ent/mutation.go:1465.40,1467.2 1 0
auth/ent/mutation.go:1470.43,1472.2 1 0
auth/ent/mutation.go:1475.56,1477.14 2 0
auth/ent/mutation.go:1477.14,1479.3 1 0
auth/ent/mutation.go:1480.2,1480.17 1 0
auth/ent/mutation.go:1486.76,1487.27 1 0
auth/ent/mutation.go:1487.27,1489.3 1 0
auth/ent/mutation.go:1490.2,1490.38 1 0
auth/ent/mutation.go:1490.38,1492.3 1 0
auth/ent/mutation.go:1493.2,1494.16 2 0
auth/ent/mutation.go:1494.16,1496.3 1 0
auth/ent/mutation.go:1497.2,1497.28 1 0
auth/ent/mutation.go:1501.37,1503.2 1 0
auth/ent/mutation.go:1506.46,1508.2 1 0
auth/ent/mutation.go:1511.59,1513.14 2 0
auth/ent/mutation.go:1513.14,1515.3 1 0
auth/ent/mutation.go:1516.2,1516.17 1 0
auth/ent/mutation.go:1522.79,1523.27 1 0
auth/ent/mutation.go:1523.27,1525.3 1 0
auth/ent/mutation.go:1526.2,1526.38 1 0
auth/ent/mutation.go:1526.38,1528.3 1 0
auth/ent/mutation.go:1529.2,1530.16 2 0
auth/ent/mutation.go:1530.16,1532.3 1 0
auth/ent/mutation.go:1533.2,1533.31 1 0
auth/ent/mutation.go:1537.40,1539.2 1 0
auth/ent/mutation.go:1542.50,1544.2 1 0
auth/ent/mutation.go:1547.63,1549.14 2 0
auth/ent/mutation.go:1549.14,1551.3 1 0
auth/ent/mutation.go:1552.2,1552.17 1 0
auth/ent/mutation.go:1558.83,1559.27 1 0
auth/ent/mutation.go:1559.27,1561.3 1 0
auth/ent/mutation.go:1562.2,1562.38 1 0
auth/ent/mutation.go:1562.38,1564.3 1 0
auth/ent/mutation.go:1565.2,1566.16 2 0
auth/ent/mutation.go:1566.16,1568.3 1 0
auth/ent/mutation.go:1569.2,1569.32 1 0
auth/ent/mutation.go:1573.41,1575.2 1 0
auth/ent/mutation.go:1578.50,1580.2 1 0
auth/ent/mutation.go:1583.63,1585.14 2 0
auth/ent/mutation.go:1585.14,1587.3 1 0
auth/ent/mutation.go:1588.2,1588.17 1 0
auth/ent/mutation.go:1594.83,1595.27 1 0
auth/ent/mutation.go:1595.27,1597.3 1 0
auth/ent/mutation.go:1598.2,1598.38 1 0
auth/ent/mutation.go:1598.38,1600.3 1 0
auth/ent/mutation.go:1601.2,1602.16 2 0
auth/ent/mutation.go:1602.16,1604.3 1 0
auth/ent/mutation.go:1605.2,1605.32 1 0
auth/ent/mutation.go:1609.41,1611.2 1 0
auth/ent/mutation.go:1614.50,1615.20 1 0
auth/ent/mutation.go:1615.20,1617.3 1 0
auth/ent/mutation.go:1618.2,1618.21 1 0
auth/ent/mutation.go:1618.21,1620.3 1 0
auth/ent/mutation.go:1624.37,1626.2 1 0
auth/ent/mutation.go:1629.44,1631.2 1 0
auth/ent/mutation.go:1634.53,1635.27 1 0
auth/ent/mutation.go:1635.27,1637.3 1 0
auth/ent/mutation.go:1638.2,1638.21 1 0
auth/ent/mutation.go:1638.21,1641.3 2 0
auth/ent/mutation.go:1645.57,1646.33 1 0
auth/ent/mutation.go:1646.33,1648.3 1 0
auth/ent/mutation.go:1649.2,1649.8 1 0
auth/ent/mutation.go:1653.50,1654.26 1 0
auth/ent/mutation.go:1654.26,1656.3 1 0
auth/ent/mutation.go:1657.2,1657.8 1 0
auth/ent/mutation.go:1661.37,1665.2 3 0
auth/ent/mutation.go:1668.51,1669.21 1 0
auth/ent/mutation.go:1669.21,1671.3 1 0
auth/ent/mutation.go:1672.2,1672.21 1 0
auth/ent/mutation.go:1672.21,1674.3 1 0
auth/ent/mutation.go:1678.38,1680.2 1 0
auth/ent/mutation.go:1683.45,1685.2 1 0
auth/ent/mutation.go:1688.54,1689.28 1 0
auth/ent/mutation.go:1689.28,1691.3 1 0
auth/ent/mutation.go:1692.2,1692.21 1 0
auth/ent/mutation.go:1692.21,1695.3 2 0
auth/ent/mutation.go:1699.58,1700.34 1 0
auth/ent/mutation.go:1700.34,1702.3 1 0
auth/ent/mutation.go:1703.2,1703.8 1 0
auth/ent/mutation.go:1707.51,1708.27 1 0
auth/ent/mutation.go:1708.27,1710.3 1 0
auth/ent/mutation.go:1711.2,1711.8 1 0
auth/ent/mutation.go:1715.38,1719.2 3 0
auth/ent/mutation.go:1722.52,1724.2 1 0
auth/ent/mutation.go:1728.58,1730.20 2 0
auth/ent/mutation.go:1730.20,1732.3 1 0
auth/ent/mutation.go:1733.2,1733.15 1 0
auth/ent/mutation.go:1737.32,1739.2 1 0
auth/ent/mutation.go:1742.37,1744.2 1 0
auth/ent/mutation.go:1747.38,1749.2 1 0
auth/ent/mutation.go:1754.42,1756.23 2 0
auth/ent/mutation.go:1756.23,1758.3 1 0
auth/ent/mutation.go:1759.2,1759.20 1 0
auth/ent/mutation.go:1759.20,1761.3 1 0
auth/ent/mutation.go:1762.2,1762.23 1 0
auth/ent/mutation.go:1762.23,1764.3 1 0
auth/ent/mutation.go:1765.2,1765.25 1 0
auth/ent/mutation.go:1765.25,1767.3 1 0
auth/ent/mutation.go:1768.2,1768.25 1 0
auth/ent/mutation.go:1768.25,1770.3 1 0
auth/ent/mutation.go:1771.2,1771.15 1 0
auth/ent/mutation.go:1777.61,1778.14 1 0
auth/ent/mutation.go:1779.26,1780.22 1 0
auth/ent/mutation.go:1781.23,1782.19 1 0
auth/ent/mutation.go:1783.26,1784.22 1 0
auth/ent/mutation.go:1785.27,1786.23 1 0
auth/ent/mutation.go:1787.27,1788.23 1 0
auth/ent/mutation.go:1790.2,1790.19 1 0
auth/ent/mutation.go:1796.86,1797.14 1 0
auth/ent/mutation.go:1798.26,1799.28 1 0
auth/ent/mutation.go:1800.23,1801.25 1 0
auth/ent/mutation.go:1802.26,1803.28 1 0
auth/ent/mutation.go:1804.27,1805.29 1 0
auth/ent/mutation.go:1806.27,1807.29 1 0
auth/ent/mutation.go:1809.2,1809.55 1 0
auth/ent/mutation.go:1815.69,1816.14 1 0
auth/ent/mutation.go:1817.26,1819.10 2 0
auth/ent/mutation.go:1819.10,1821.4 1 0
auth/ent/mutation.go:1822.3,1823.13 2 0
auth/ent/mutation.go:1824.23,1826.10 2 0
auth/ent/mutation.go:1826.10,1828.4 1 0
auth/ent/mutation.go:1829.3,1830.13 2 0
auth/ent/mutation.go:1831.26,1833.10 2 0
auth/ent/mutation.go:1833.10,1835.4 1 0
auth/ent/mutation.go:1836.3,1837.13 2 0
auth/ent/mutation.go:1838.27,1840.10 2 0
auth/ent/mutation.go:1840.10,1842.4 1 0
auth/ent/mutation.go:1843.3,1844.13 2 0
auth/ent/mutation.go:1845.27,1847.10 2 0
auth/ent/mutation.go:1847.10,1849.4 1 0
auth/ent/mutation.go:1850.3,1851.13 2 0
auth/ent/mutation.go:1853.2,1853.50 1 0
auth/ent/mutation.go:1858.47,1860.2 1 0
auth/ent/mutation.go:1865.66,1867.2 1 0
auth/ent/mutation.go:1872.69,1873.14 1 0
auth/ent/mutation.go:1875.2,1875.58 1 0
auth/ent/mutation.go:1880.49,1882.2 1 0
auth/ent/mutation.go:1886.55,1889.2 2 0
auth/ent/mutation.go:1893.54,1895.2 1 0
auth/ent/mutation.go:1899.54,1900.14 1 0
auth/ent/mutation.go:1901.26,1903.13 2 0
auth/ent/mutation.go:1904.23,1906.13 2 0
auth/ent/mutation.go:1907.26,1909.13 2 0
auth/ent/mutation.go:1910.27,1912.13 2 0
auth/ent/mutation.go:1913.27,1915.13 2 0
auth/ent/mutation.go:1917.2,1917.50 1 0
auth/ent/mutation.go:1921.46,1923.20 2 0
auth/ent/mutation.go:1923.20,1925.3 1 0
auth/ent/mutation.go:1926.2,1926.21 1 0
auth/ent/mutation.go:1926.21,1928.3 1 0
auth/ent/mutation.go:1929.2,1929.14 1 0
auth/ent/mutation.go:1934.58,1935.14 1 0
auth/ent/mutation.go:1936.22,1938.27 2 0
auth/ent/mutation.go:1938.27,1940.4 1 0
auth/ent/mutation.go:1941.3,1941.13 1 0
auth/ent/mutation.go:1942.23,1944.28 2 0
auth/ent/mutation.go:1944.28,1946.4 1 0
auth/ent/mutation.go:1947.3,1947.13 1 0
auth/ent/mutation.go:1949.2,1949.12 1 0
auth/ent/mutation.go:1953.48,1955.27 2 0
auth/ent/mutation.go:1955.27,1957.3 1 0
auth/ent/mutation.go:1958.2,1958.28 1 0
auth/ent/mutation.go:1958.28,1960.3 1 0
auth/ent/mutation.go:1961.2,1961.14 1 0
auth/ent/mutation.go:1966.60,1967.14 1 0
auth/ent/mutation.go:1968.22,1970.34 2 0
auth/ent/mutation.go:1970.34,1972.4 1 0
auth/ent/mutation.go:1973.3,1973.13 1 0
auth/ent/mutation.go:1974.23,1976.35 2 0
auth/ent/mutation.go:1976.35,1978.4 1 0
auth/ent/mutation.go:1979.3,1979.13 1 0
auth/ent/mutation.go:1981.2,1981.12 1 0
auth/ent/mutation.go:1985.48,1987.20 2 0
auth/ent/mutation.go:1987.20,1989.3 1 0
auth/ent/mutation.go:1990.2,1990.21 1 0
auth/ent/mutation.go:1990.21,1992.3 1 0
auth/ent/mutation.go:1993.2,1993.14 1 0
auth/ent/mutation.go:1998.54,1999.14 1 0
auth/ent/mutation.go:2000.22,2001.24 1 0
auth/ent/mutation.go:2002.23,2003.25 1 0
auth/ent/mutation.go:2005.2,2005.14 1 0
auth/ent/mutation.go:2010.53,2011.14 1 0
auth/ent/mutation.go:2013.2,2013.56 1 0
auth/ent/mutation.go:2018.53,2019.14 1 0
auth/ent/mutation.go:2020.22,2022.13 2 0
auth/ent/mutation.go:2023.23,2025.13 2 0
auth/ent/mutation.go:2027.2,2027.49 1 0
auth/ent/role.go:46.50,47.22 1 0
auth/ent/role.go:47.22,49.3 1 0
auth/ent/role.go:50.2,50.44 1 0
auth/ent/role.go:54.58,56.25 2 0
auth/ent/role.go:56.25,57.21 1 0
auth/ent/role.go:58.30,59.27 1 0
auth/ent/role.go:60.37,61.35 1 0
auth/ent/role.go:62.49,63.33 1 0
auth/ent/role.go:64.11,65.36 1 0
auth/ent/role.go:68.2,68.20 1 0
auth/ent/role.go:73.67,74.46 1 0
auth/ent/role.go:74.46,76.3 1 0
auth/ent/role.go:77.2,77.25 1 0
auth/ent/role.go:77.25,78.21 1 0
auth/ent/role.go:79.21,80.53 1 0
auth/ent/role.go:80.53,82.5 1 0
auth/ent/role.go:82.10,82.26 1 0
auth/ent/role.go:82.26,84.5 1 0
auth/ent/role.go:85.23,86.53 1 0
auth/ent/role.go:86.53,88.5 1 0
auth/ent/role.go:88.10,88.26 1 0
auth/ent/role.go:88.26,90.5 1 0
auth/ent/role.go:91.30,92.45 1 0
auth/ent/role.go:92.45,94.5 1 0
auth/ent/role.go:94.10,94.46 1 0
auth/ent/role.go:94.46,95.66 1 0
auth/ent/role.go:95.66,97.6 1 0
auth/ent/role.go:99.28,100.51 1 0
auth/ent/role.go:100.51,102.5 1 0
auth/ent/role.go:102.10,102.26 1 0
auth/ent/role.go:102.26,104.5 1 0
auth/ent/role.go:105.28,106.51 1 0
auth/ent/role.go:106.51,108.5 1 0
auth/ent/role.go:108.10,108.26 1 0
auth/ent/role.go:108.26,110.5 1 0
auth/ent/role.go:111.11,112.45 1 0
auth/ent/role.go:115.2,115.12 1 0
auth/ent/role.go:120.54,122.2 1 0
auth/ent/role.go:125.40,127.2 1 0
auth/ent/role.go:132.40,134.2 1 0
auth/ent/role.go:138.31,140.9 2 0
auth/ent/role.go:140.9,141.51 1 0
auth/ent/role.go:143.2,144.10 2 0
auth/ent/role.go:148.32,165.2 16 0
auth/ent/role_create.go:25.53,28.2 2 0
auth/ent/role_create.go:31.62,34.2 2 0
auth/ent/role_create.go:37.61,40.2 2 0
auth/ent/role_create.go:43.70,44.14 1 0
auth/ent/role_create.go:44.14,46.3 1 0
auth/ent/role_create.go:47.2,47.11 1 0
auth/ent/role_create.go:51.61,54.2 2 0
auth/ent/role_create.go:57.70,58.14 1 0
auth/ent/role_create.go:58.14,60.3 1 0
auth/ent/role_create.go:61.2,61.11 1 0
auth/ent/role_create.go:65.51,68.2 2 0
auth/ent/role_create.go:71.60,72.14 1 0
auth/ent/role_create.go:72.14,74.3 1 0
auth/ent/role_create.go:75.2,75.11 1 0
auth/ent/role_create.go:79.61,82.2 2 0
auth/ent/role_create.go:85.56,87.19 2 0
auth/ent/role_create.go:87.19,89.3 1 0
auth/ent/role_create.go:90.2,90.30 1 0
auth/ent/role_create.go:94.48,96.2 1 0
auth/ent/role_create.go:99.64,102.2 2 0
auth/ent/role_create.go:105.56,107.16 2 0
auth/ent/role_create.go:107.16,108.13 1 0
auth/ent/role_create.go:110.2,110.10 1 0
auth/ent/role_create.go:114.55,117.2 2 0
auth/ent/role_create.go:120.50,121.37 1 0
auth/ent/role_create.go:121.37,122.13 1 0
auth/ent/role_create.go:127.34,128.43 1 0
auth/ent/role_create.go:128.43,131.3 2 0
auth/ent/role_create.go:132.2,132.43 1 0
auth/ent/role_create.go:132.43,135.3 2 0
auth/ent/role_create.go:136.2,136.36 1 0
auth/ent/role_create.go:136.36,139.3 2 0
auth/ent/role_create.go:143.37,144.38 1 0
auth/ent/role_create.go:144.38,146.3 1 0
auth/ent/role_create.go:147.2,147.45 1 0
auth/ent/role_create.go:147.45,149.3 1 0
auth/ent/role_create.go:150.2,150.43 1 0
auth/ent/role_create.go:150.43,152.3 1 0
auth/ent/role_create.go:153.2,153.43 1 0
auth/ent/role_create.go:153.43,155.3 1 0
auth/ent/role_create.go:156.2,156.12 1 0
auth/ent/role_create.go:159.67,160.35 1 0
auth/ent/role_create.go:160.35,162.3 1 0
auth/ent/role_create.go:163.2,164.67 2 0
auth/ent/role_create.go:164.67,165.38 1 0
auth/ent/role_create.go:165.38,167.4 1 0
auth/ent/role_create.go:168.3,168.18 1 0
auth/ent/role_create.go:170.2,170.27 1 0
auth/ent/role_create.go:170.27,171.44 1 0
auth/ent/role_create.go:171.44,173.4 1 0
auth/ent/role_create.go:173.9,175.4 1 0
auth/ent/role_create.go:177.2,179.19 3 0
auth/ent/role_create.go:182.66,187.36 2 0
auth/ent/role_create.go:187.36,190.3 2 0
auth/ent/role_create.go:191.2,191.41 1 0
auth/ent/role_create.go:191.41,194.3 2 0
auth/ent/role_create.go:195.2,195.48 1 0
auth/ent/role_create.go:195.48,198.3 2 0
auth/ent/role_create.go:199.2,199.46 1 0
auth/ent/role_create.go:199.46,202.3 2 0
auth/ent/role_create.go:203.2,203.46 1 0
auth/ent/role_create.go:203.46,206.3 2 0
auth/ent/role_create.go:207.2,207.53 1 0
auth/ent/role_create.go:207.53,218.27 2 0
auth/ent/role_create.go:218.27,220.4 1 0
auth/ent/role_create.go:221.3,221.42 1 0
auth/ent/role_create.go:223.2,223.21 1 0
auth/ent/role_create.go:234.71,235.20 1 0
auth/ent/role_create.go:235.20,237.3 1 0
auth/ent/role_create.go:238.2,241.30 4 0
auth/ent/role_create.go:241.30,242.37 1 0
auth/ent/role_create.go:242.37,245.86 3 0
auth/ent/role_create.go:245.86,247.12 2 0
auth/ent/role_create.go:247.12,249.6 1 0
auth/ent/role_create.go:250.5,250.43 1 0
auth/ent/role_create.go:250.43,252.6 1 0
auth/ent/role_create.go:253.5,256.28 4 0
auth/ent/role_create.go:256.28,258.6 1 0
auth/ent/role_create.go:258.11,261.71 2 0
auth/ent/role_create.go:261.71,262.42 1 0
auth/ent/role_create.go:262.42,264.8 1 0
auth/ent/role_create.go:267.5,267.19 1 0
auth/ent/role_create.go:267.19,269.6 1 0
auth/ent/role_create.go:270.5,272.25 3 0
auth/ent/role_create.go:274.4,274.49 1 0
auth/ent/role_create.go:274.49,276.5 1 0
auth/ent/role_create.go:277.4,277.21 1 0
auth/ent/role_create.go:280.2,280.23 1 0
auth/ent/role_create.go:280.23,281.78 1 0
auth/ent/role_create.go:281.78,283.4 1 0
auth/ent/role_create.go:285.2,285.19 1 0
auth/ent/role_create.go:289.63,291.16 2 0
auth/ent/role_create.go:291.16,292.13 1 0
auth/ent/role_create.go:294.2,294.10 1 0
auth/ent/role_create.go:298.60,301.2 2 0
auth/ent/role_create.go:304.55,305.38 1 0
auth/ent/role_create.go:305.38,306.13 1 0
auth/ent/role_delete.go:23.63,26.2 2 0
auth/ent/role_delete.go:29.62,31.2 1 0
auth/ent/role_delete.go:34.54,36.16 2 0
auth/ent/role_delete.go:36.16,37.13 1 0
auth/ent/role_delete.go:39.2,39.10 1 0
auth/ent/role_delete.go:42.65,44.47 2 0
auth/ent/role_delete.go:44.47,45.50 1 0
auth/ent/role_delete.go:45.50,46.22 1 0
auth/ent/role_delete.go:46.22,48.5 1 0
auth/ent/role_delete.go:51.2,52.51 2 0
auth/ent/role_delete.go:52.51,54.3 1 0
auth/ent/role_delete.go:55.2,56.22 2 0
auth/ent/role_delete.go:65.70,68.2 2 0
auth/ent/role_delete.go:71.59,73.9 2 0
auth/ent/role_delete.go:74.18,75.13 1 0
auth/ent/role_delete.go:76.14,77.36 1 0
auth/ent/role_delete.go:78.10,79.13 1 0
auth/ent/role_delete.go:84.54,85.38 1 0
auth/ent/role_delete.go:85.38,86.13 1 0
auth/ent/role_query.go:33.61,36.2 2 0
auth/ent/role_query.go:39.50,42.2 2 0
auth/ent/role_query.go:45.52,48.2 2 0
auth/ent/role_query.go:52.53,55.2 2 0
auth/ent/role_query.go:58.62,61.2 2 0
auth/ent/role_query.go:64.46,66.74 2 0
auth/ent/role_query.go:66.74,67.46 1 0
auth/ent/role_query.go:67.46,69.4 1 0
auth/ent/role_query.go:70.3,71.40 2 0
auth/ent/role_query.go:71.40,73.4 1 0
auth/ent/role_query.go:74.3,80.20 3 0
auth/ent/role_query.go:82.2,82.14 1 0
auth/ent/role_query.go:87.64,89.16 2 0
auth/ent/role_query.go:89.16,91.3 1 0
auth/ent/role_query.go:92.2,92.21 1 0
auth/ent/role_query.go:92.21,94.3 1 0
auth/ent/role_query.go:95.2,95.22 1 0
auth/ent/role_query.go:99.56,101.36 2 0
auth/ent/role_query.go:101.36,102.13 1 0
auth/ent/role_query.go:104.2,104.13 1 0
auth/ent/role_query.go:109.74,111.82 2 0
auth/ent/role_query.go:111.82,113.3 1 0
auth/ent/role_query.go:114.2,114.19 1 0
auth/ent/role_query.go:114.19,117.3 2 0
auth/ent/role_query.go:118.2,118.20 1 0
auth/ent/role_query.go:122.59,124.36 2 0
auth/ent/role_query.go:124.36,125.13 1 0
auth/ent/role_query.go:127.2,127.11 1 0
auth/ent/role_query.go:133.63,135.16 2 0
auth/ent/role_query.go:135.16,137.3 1 0
auth/ent/role_query.go:138.2,138.20 1 0
auth/ent/role_query.go:139.9,140.23 1 0
auth/ent/role_query.go:141.9,142.41 1 0
auth/ent/role_query.go:143.10,144.44 1 0
auth/ent/role_query.go:149.55,151.16 2 0
auth/ent/role_query.go:151.16,152.13 1 0
auth/ent/role_query.go:154.2,154.13 1 0
auth/ent/role_query.go:160.73,162.81 2 0
auth/ent/role_query.go:162.81,164.3 1 0
auth/ent/role_query.go:165.2,165.18 1 0
auth/ent/role_query.go:166.9,167.14 1 0
auth/ent/role_query.go:168.9,169.35 1 0
auth/ent/role_query.go:170.10,171.38 1 0
auth/ent/role_query.go:173.2,173.8 1 0
auth/ent/role_query.go:177.58,179.16 2 0
auth/ent/role_query.go:179.16,180.13 1 0
auth/ent/role_query.go:182.2,182.11 1 0
auth/ent/role_query.go:186.64,188.45 2 0
auth/ent/role_query.go:188.45,190.3 1 0
auth/ent/role_query.go:191.2,192.58 2 0
auth/ent/role_query.go:196.56,198.16 2 0
auth/ent/role_query.go:198.16,199.13 1 0
auth/ent/role_query.go:201.2,201.14 1 0
auth/ent/role_query.go:205.73,206.44 1 0
auth/ent/role_query.go:206.44,208.3 1 0
auth/ent/role_query.go:209.2,210.63 2 0
auth/ent/role_query.go:210.63,212.3 1 0
auth/ent/role_query.go:213.2,213.17 1 0
auth/ent/role_query.go:217.57,219.16 2 0
auth/ent/role_query.go:219.16,220.13 1 0
auth/ent/role_query.go:222.2,222.12 1 0
auth/ent/role_query.go:226.62,228.45 2 0
auth/ent/role_query.go:228.45,230.3 1 0
auth/ent/role_query.go:231.2,231.78 1 0
auth/ent/role_query.go:235.54,237.16 2 0
auth/ent/role_query.go:237.16,238.13 1 0
auth/ent/role_query.go:240.2,240.14 1 0
auth/ent/role_query.go:244.63,246.36 2 0
auth/ent/role_query.go:247.23,248.20 1 0
auth/ent/role_query.go:249.18,250.60 1 0
auth/ent/role_query.go:251.10,252.19 1 0
auth/ent/role_query.go:257.55,259.16 2 0
auth/ent/role_query.go:259.16,260.13 1 0
auth/ent/role_query.go:262.2,262.14 1 0
auth/ent/role_query.go:267.41,268.15 1 0
auth/ent/role_query.go:268.15,270.3 1 0
auth/ent/role_query.go:271.2,281.3 1 0
auth/ent/role_query.go:286.69,288.27 2 0
auth/ent/role_query.go:288.27,290.3 1 0
auth/ent/role_query.go:291.2,292.11 2 0
auth/ent/role_query.go:309.75,316.2 6 0
auth/ent/role_query.go:330.59,336.2 5 0
auth/ent/role_query.go:339.66,341.2 1 0
auth/ent/role_query.go:343.62,344.34 1 0
auth/ent/role_query.go:344.34,345.19 1 0
auth/ent/role_query.go:345.19,347.4 1 0
auth/ent/role_query.go:348.3,348.39 1 0
auth/ent/role_query.go:348.39,349.48 1 0
auth/ent/role_query.go:349.48,351.5 1 0
auth/ent/role_query.go:354.2,354.34 1 0
auth/ent/role_query.go:354.34,355.27 1 0
auth/ent/role_query.go:355.27,357.4 1 0
auth/ent/role_query.go:359.2,359.20 1 0
auth/ent/role_query.go:359.20,361.17 2 0
auth/ent/role_query.go:361.17,363.4 1 0
auth/ent/role_query.go:364.3,364.16 1 0
auth/ent/role_query.go:366.2,366.12 1 0
auth/ent/role_query.go:369.87,377.59 2 0
auth/ent/role_query.go:377.59,379.3 1 0
auth/ent/role_query.go:380.2,380.60 1 0
auth/ent/role_query.go:380.60,385.3 4 0
auth/ent/role_query.go:386.2,386.23 1 0
auth/ent/role_query.go:386.23,388.3 1 0
auth/ent/role_query.go:389.2,389.67 1 0
auth/ent/role_query.go:389.67,391.3 1 0
auth/ent/role_query.go:392.2,392.21 1 0
auth/ent/role_query.go:392.21,394.3 1 0
auth/ent/role_query.go:395.2,395.41 1 0
auth/ent/role_query.go:395.41,397.18 1 0
auth/ent/role_query.go:397.18,397.47 1 0
auth/ent/role_query.go:398.27,398.71 1 0
auth/ent/role_query.go:398.85,400.4 1 0
auth/ent/role_query.go:402.2,402.19 1 0
auth/ent/role_query.go:405.137,409.29 4 0
auth/ent/role_query.go:409.29,412.18 3 0
auth/ent/role_query.go:412.18,414.4 1 0
auth/ent/role_query.go:416.2,416.36 1 0
auth/ent/role_query.go:416.36,424.3 7 0
auth/ent/role_query.go:425.2,425.48 1 0
auth/ent/role_query.go:425.48,427.3 1 0
auth/ent/role_query.go:428.2,428.70 1 0
auth/ent/role_query.go:428.70,429.78 1 0
auth/ent/role_query.go:429.78,432.60 3 0
auth/ent/role_query.go:432.60,434.19 2 0
auth/ent/role_query.go:434.19,436.6 1 0
auth/ent/role_query.go:437.5,437.62 1 0
auth/ent/role_query.go:439.4,439.61 1 0
auth/ent/role_query.go:439.61,442.29 3 0
auth/ent/role_query.go:442.29,445.6 2 0
auth/ent/role_query.go:446.5,447.15 2 0
auth/ent/role_query.go:451.2,452.16 2 0
auth/ent/role_query.go:452.16,454.3 1 0
auth/ent/role_query.go:455.2,455.30 1 0
auth/ent/role_query.go:455.30,457.10 2 0
auth/ent/role_query.go:457.10,459.4 1 0
auth/ent/role_query.go:460.3,460.25 1 0
auth/ent/role_query.go:460.25,462.4 1 0
auth/ent/role_query.go:464.2,464.12 1 0
auth/ent/role_query.go:467.65,470.28 3 0
auth/ent/role_query.go:470.28,472.3 1 0
auth/ent/role_query.go:473.2,473.51 1 0
auth/ent/role_query.go:476.54,479.44 3 0
auth/ent/role_query.go:479.44,481.3 1 0
auth/ent/role_query.go:481.8,481.27 1 0
auth/ent/role_query.go:481.27,483.3 1 0
auth/ent/role_query.go:484.2,484.46 1 0
auth/ent/role_query.go:484.46,487.25 3 0
auth/ent/role_query.go:487.25,488.33 1 0
auth/ent/role_query.go:488.33,490.5 1 0
auth/ent/role_query.go:493.2,493.38 1 0
auth/ent/role_query.go:493.38,494.50 1 0
auth/ent/role_query.go:494.50,495.22 1 0
auth/ent/role_query.go:495.22,497.5 1 0
auth/ent/role_query.go:500.2,500.41 1 0
auth/ent/role_query.go:500.41,502.3 1 0
auth/ent/role_query.go:503.2,503.44 1 0
auth/ent/role_query.go:503.44,505.3 1 0
auth/ent/role_query.go:506.2,506.33 1 0
auth/ent/role_query.go:506.33,507.46 1 0
auth/ent/role_query.go:507.46,508.22 1 0
auth/ent/role_query.go:508.22,510.5 1 0
auth/ent/role_query.go:513.2,513.14 1 0
auth/ent/role_query.go:516.66,520.23 4 0
auth/ent/role_query.go:520.23,522.3 1 0
auth/ent/role_query.go:523.2,524.19 2 0
auth/ent/role_query.go:524.19,527.3 2 0
auth/ent/role_query.go:528.2,528.44 1 0
auth/ent/role_query.go:528.44,530.3 1 0
auth/ent/role_query.go:531.2,531.34 1 0
auth/ent/role_query.go:531.34,533.3 1 0
auth/ent/role_query.go:534.2,534.29 1 0
auth/ent/role_query.go:534.29,536.3 1 0
auth/ent/role_query.go:537.2,537.44 1 0
auth/ent/role_query.go:537.44,541.3 1 0
auth/ent/role_query.go:542.2,542.41 1 0
auth/ent/role_query.go:542.41,544.3 1 0
auth/ent/role_query.go:545.2,545.17 1 0
auth/ent/role_query.go:555.70,558.2 2 0
auth/ent/role_query.go:561.64,563.52 2 0
auth/ent/role_query.go:563.52,565.3 1 0
auth/ent/role_query.go:566.2,566.97 1 0
auth/ent/role_query.go:569.84,572.29 3 0
auth/ent/role_query.go:572.29,574.3 1 0
auth/ent/role_query.go:575.2,575.42 1 0
auth/ent/role_query.go:575.42,577.31 2 0
auth/ent/role_query.go:577.31,579.4 1 0
auth/ent/role_query.go:580.3,581.30 2 0
auth/ent/role_query.go:583.2,584.39 2 0
auth/ent/role_query.go:584.39,586.3 1 0
auth/ent/role_query.go:587.2,589.71 3 0
auth/ent/role_query.go:589.71,591.3 1 0
auth/ent/role_query.go:592.2,593.31 2 0
auth/ent/role_query.go:603.67,606.2 2 0
auth/ent/role_query.go:609.62,611.45 2 0
auth/ent/role_query.go:611.45,613.3 1 0
auth/ent/role_query.go:614.2,614.91 1 0
auth/ent/role_query.go:617.82,620.28 3 0
auth/ent/role_query.go:620.28,622.3 1 0
auth/ent/role_query.go:623.2,623.38 1 0
auth/ent/role_query.go:624.38,625.34 1 0
auth/ent/role_query.go:626.38,627.40 1 0
auth/ent/role_query.go:629.2,631.64 3 0
auth/ent/role_query.go:631.64,633.3 1 0
auth/ent/role_query.go:634.2,635.31 2 0
auth/ent/role_update.go:28.63,31.2 2 0
auth/ent/role_update.go:34.53,37.2 2 0
auth/ent/role_update.go:40.62,41.14 1 0
auth/ent/role_update.go:41.14,43.3 1 0
auth/ent/role_update.go:44.2,44.11 1 0
auth/ent/role_update.go:48.62,51.2 2 0
auth/ent/role_update.go:54.65,57.2 2 0
auth/ent/role_update.go:60.61,63.2 2 0
auth/ent/role_update.go:66.70,67.14 1 0
auth/ent/role_update.go:67.14,69.3 1 0
auth/ent/role_update.go:70.2,70.11 1 0
auth/ent/role_update.go:74.61,77.2 2 0
auth/ent/role_update.go:80.61,83.2 2 0
auth/ent/role_update.go:86.56,88.19 2 0
auth/ent/role_update.go:88.19,90.3 1 0
auth/ent/role_update.go:91.2,91.30 1 0
auth/ent/role_update.go:95.48,97.2 1 0
auth/ent/role_update.go:100.48,103.2 2 0
auth/ent/role_update.go:106.64,109.2 2 0
auth/ent/role_update.go:112.59,114.19 2 0
auth/ent/role_update.go:114.19,116.3 1 0
auth/ent/role_update.go:117.2,117.33 1 0
auth/ent/role_update.go:121.62,124.2 2 0
auth/ent/role_update.go:127.54,129.16 2 0
auth/ent/role_update.go:129.16,130.13 1 0
auth/ent/role_update.go:132.2,132.17 1 0
auth/ent/role_update.go:136.55,139.2 2 0
auth/ent/role_update.go:142.50,143.37 1 0
auth/ent/role_update.go:143.37,144.13 1 0
auth/ent/role_update.go:149.34,150.43 1 0
auth/ent/role_update.go:150.43,153.3 2 0
auth/ent/role_update.go:156.71,158.47 2 0
auth/ent/role_update.go:158.47,159.50 1 0
auth/ent/role_update.go:159.50,160.22 1 0
auth/ent/role_update.go:160.22,162.5 1 0
auth/ent/role_update.go:165.2,165.41 1 0
auth/ent/role_update.go:165.41,167.3 1 0
auth/ent/role_update.go:168.2,168.48 1 0
auth/ent/role_update.go:168.48,170.3 1 0
auth/ent/role_update.go:171.2,171.56 1 0
auth/ent/role_update.go:171.56,172.48 1 0
auth/ent/role_update.go:172.48,174.4 1 0
auth/ent/role_update.go:176.2,176.46 1 0
auth/ent/role_update.go:176.46,178.3 1 0
auth/ent/role_update.go:179.2,179.46 1 0
auth/ent/role_update.go:179.46,181.3 1 0
auth/ent/role_update.go:182.2,182.32 1 0
auth/ent/role_update.go:182.32,194.3 2 0
auth/ent/role_update.go:195.2,195.91 1 0
auth/ent/role_update.go:195.91,206.27 2 0
auth/ent/role_update.go:206.27,208.4 1 0
auth/ent/role_update.go:209.3,209.54 1 0
auth/ent/role_update.go:211.2,211.53 1 0
auth/ent/role_update.go:211.53,222.27 2 0
auth/ent/role_update.go:222.27,224.4 1 0
auth/ent/role_update.go:225.3,225.50 1 0
auth/ent/role_update.go:227.2,227.70 1 0
auth/ent/role_update.go:227.70,228.49 1 0
auth/ent/role_update.go:228.49,230.4 1 0
auth/ent/role_update.go:230.9,230.45 1 0
auth/ent/role_update.go:230.45,232.4 1 0
auth/ent/role_update.go:233.3,233.16 1 0
auth/ent/role_update.go:235.2,236.15 2 0
auth/ent/role_update.go:248.60,251.2 2 0
auth/ent/role_update.go:254.69,255.14 1 0
auth/ent/role_update.go:255.14,257.3 1 0
auth/ent/role_update.go:258.2,258.12 1 0
auth/ent/role_update.go:262.69,265.2 2 0
auth/ent/role_update.go:268.72,271.2 2 0
auth/ent/role_update.go:274.68,277.2 2 0
auth/ent/role_update.go:280.77,281.14 1 0
auth/ent/role_update.go:281.14,283.3 1 0
auth/ent/role_update.go:284.2,284.12 1 0
auth/ent/role_update.go:288.68,291.2 2 0
auth/ent/role_update.go:294.68,297.2 2 0
auth/ent/role_update.go:300.63,302.19 2 0
auth/ent/role_update.go:302.19,304.3 1 0
auth/ent/role_update.go:305.2,305.31 1 0
auth/ent/role_update.go:309.52,311.2 1 0
auth/ent/role_update.go:314.55,317.2 2 0
auth/ent/role_update.go:320.71,323.2 2 0
auth/ent/role_update.go:326.66,328.19 2 0
auth/ent/role_update.go:328.19,330.3 1 0
auth/ent/role_update.go:331.2,331.34 1 0
auth/ent/role_update.go:335.70,338.2 2 0
auth/ent/role_update.go:342.81,345.2 2 0
auth/ent/role_update.go:348.68,351.2 2 0
auth/ent/role_update.go:354.60,356.16 2 0
auth/ent/role_update.go:356.16,357.13 1 0
auth/ent/role_update.go:359.2,359.13 1 0
auth/ent/role_update.go:363.59,366.2 2 0
auth/ent/role_update.go:369.54,370.38 1 0
auth/ent/role_update.go:370.38,371.13 1 0
auth/ent/role_update.go:376.38,377.44 1 0
auth/ent/role_update.go:377.44,380.3 2 0
auth/ent/role_update.go:383.81,386.9 3 0
auth/ent/role_update.go:386.9,388.3 1 0
auth/ent/role_update.go:389.2,390.43 2 0
auth/ent/role_update.go:390.43,393.28 3 0
auth/ent/role_update.go:393.28,394.28 1 0
auth/ent/role_update.go:394.28,396.5 1 0
auth/ent/role_update.go:397.4,397.25 1 0
auth/ent/role_update.go:397.25,399.5 1 0
auth/ent/role_update.go:402.2,402.48 1 0
auth/ent/role_update.go:402.48,403.50 1 0
auth/ent/role_update.go:403.50,404.22 1 0
auth/ent/role_update.go:404.22,406.5 1 0
auth/ent/role_update.go:409.2,409.42 1 0
auth/ent/role_update.go:409.42,411.3 1 0
auth/ent/role_update.go:412.2,412.49 1 0
auth/ent/role_update.go:412.49,414.3 1 0
auth/ent/role_update.go:415.2,415.57 1 0
auth/ent/role_update.go:415.57,416.48 1 0
auth/ent/role_update.go:416.48,418.4 1 0
auth/ent/role_update.go:420.2,420.47 1 0
auth/ent/role_update.go:420.47,422.3 1 0
auth/ent/role_update.go:423.2,423.47 1 0
auth/ent/role_update.go:423.47,425.3 1 0
auth/ent/role_update.go:426.2,426.33 1 0
auth/ent/role_update.go:426.33,438.3 2 0
auth/ent/role_update.go:439.2,439.93 1 0
auth/ent/role_update.go:439.93,450.27 2 0
auth/ent/role_update.go:450.27,452.4 1 0
auth/ent/role_update.go:453.3,453.54 1 0
auth/ent/role_update.go:455.2,455.54 1 0
auth/ent/role_update.go:455.54,466.27 2 0
auth/ent/role_update.go:466.27,468.4 1 0
auth/ent/role_update.go:469.3,469.50 1 0
auth/ent/role_update.go:471.2,474.67 4 0
auth/ent/role_update.go:474.67,475.49 1 0
auth/ent/role_update.go:475.49,477.4 1 0
auth/ent/role_update.go:477.9,477.45 1 0
auth/ent/role_update.go:477.45,479.4 1 0
auth/ent/role_update.go:480.3,480.18 1 0
auth/ent/role_update.go:482.2,483.19 2 0
auth/ent/token.go:51.48,52.19 1 0
auth/ent/token.go:52.19,54.3 1 0
auth/ent/token.go:54.8,54.29 1 0
auth/ent/token.go:54.29,56.3 1 0
auth/ent/token.go:57.2,57.43 1 0
auth/ent/token.go:61.59,63.25 2 0
auth/ent/token.go:63.25,64.21 1 0
auth/ent/token.go:65.27,66.33 1 0
auth/ent/token.go:67.57,68.35 1 0
auth/ent/token.go:69.73,70.33 1 0
auth/ent/token.go:71.29,72.35 1 0
auth/ent/token.go:73.11,74.36 1 0
auth/ent/token.go:77.2,77.20 1 0
auth/ent/token.go:82.68,83.46 1 0
auth/ent/token.go:83.46,85.3 1 0
auth/ent/token.go:86.2,86.25 1 0
auth/ent/token.go:86.25,87.21 1 0
auth/ent/token.go:88.22,89.53 1 0
auth/ent/token.go:89.53,91.5 1 0
auth/ent/token.go:91.10,91.26 1 0
auth/ent/token.go:91.26,93.5 1 0
auth/ent/token.go:94.25,95.53 1 0
auth/ent/token.go:95.53,97.5 1 0
auth/ent/token.go:97.10,97.26 1 0
auth/ent/token.go:97.26,99.5 1 0
auth/ent/token.go:100.24,101.53 1 0
auth/ent/token.go:101.53,103.5 1 0
auth/ent/token.go:103.10,103.26 1 0
auth/ent/token.go:103.26,105.5 1 0
auth/ent/token.go:106.29,107.51 1 0
auth/ent/token.go:107.51,109.5 1 0
auth/ent/token.go:109.10,109.26 1 0
auth/ent/token.go:109.26,111.5 1 0
auth/ent/token.go:112.27,113.51 1 0
auth/ent/token.go:113.51,115.5 1 0
auth/ent/token.go:115.10,115.26 1 0
auth/ent/token.go:115.26,117.5 1 0
auth/ent/token.go:118.29,119.51 1 0
auth/ent/token.go:119.51,121.5 1 0
auth/ent/token.go:121.10,121.26 1 0
auth/ent/token.go:121.26,123.5 1 0
auth/ent/token.go:124.29,125.51 1 0
auth/ent/token.go:125.51,127.5 1 0
auth/ent/token.go:127.10,127.26 1 0
auth/ent/token.go:127.26,129.5 1 0
auth/ent/token.go:130.29,131.53 1 0
auth/ent/token.go:131.53,133.5 1 0
auth/ent/token.go:133.10,133.26 1 0
auth/ent/token.go:133.26,136.5 2 0
auth/ent/token.go:137.11,138.45 1 0
auth/ent/token.go:141.2,141.12 1 0
auth/ent/token.go:146.55,148.2 1 0
auth/ent/token.go:151.40,153.2 1 0
auth/ent/token.go:158.42,160.2 1 0
auth/ent/token.go:164.33,166.9 2 0
auth/ent/token.go:166.9,167.52 1 0
auth/ent/token.go:169.2,170.10 2 0
auth/ent/token.go:174.33,197.2 22 0
auth/ent/token_create.go:25.56,28.2 2 0
auth/ent/token_create.go:31.59,34.2 2 0
auth/ent/token_create.go:37.63,40.2 2 0
auth/ent/token_create.go:43.56,46.2 2 0
auth/ent/token_create.go:49.65,50.14 1 0
auth/ent/token_create.go:50.14,52.3 1 0
auth/ent/token_create.go:53.2,53.11 1 0
auth/ent/token_create.go:57.63,60.2 2 0
auth/ent/token_create.go:63.72,64.14 1 0
auth/ent/token_create.go:64.14,66.3 1 0
auth/ent/token_create.go:67.2,67.11 1 0
auth/ent/token_create.go:71.63,74.2 2 0
auth/ent/token_create.go:77.72,78.14 1 0
auth/ent/token_create.go:78.14,80.3 1 0
auth/ent/token_create.go:81.2,81.11 1 0
auth/ent/token_create.go:85.53,88.2 2 0
auth/ent/token_create.go:91.62,92.14 1 0
auth/ent/token_create.go:92.14,94.3 1 0
auth/ent/token_create.go:95.2,95.11 1 0
auth/ent/token_create.go:99.58,102.2 2 0
auth/ent/token_create.go:105.54,107.2 1 0
auth/ent/token_create.go:110.50,112.2 1 0
auth/ent/token_create.go:115.66,118.2 2 0
auth/ent/token_create.go:121.58,123.16 2 0
auth/ent/token_create.go:123.16,124.13 1 0
auth/ent/token_create.go:126.2,126.10 1 0
auth/ent/token_create.go:130.56,133.2 2 0
auth/ent/token_create.go:136.51,137.37 1 0
auth/ent/token_create.go:137.37,138.13 1 0
auth/ent/token_create.go:143.35,144.41 1 0
auth/ent/token_create.go:144.41,147.3 2 0
auth/ent/token_create.go:148.2,148.43 1 0
auth/ent/token_create.go:148.43,151.3 2 0
auth/ent/token_create.go:152.2,152.43 1 0
auth/ent/token_create.go:152.43,155.3 2 0
auth/ent/token_create.go:156.2,156.36 1 0
auth/ent/token_create.go:156.36,159.3 2 0
auth/ent/token_create.go:163.38,164.39 1 0
auth/ent/token_create.go:164.39,166.3 1 0
auth/ent/token_create.go:167.2,167.41 1 0
auth/ent/token_create.go:167.41,169.3 1 0
auth/ent/token_create.go:170.2,170.40 1 0
auth/ent/token_create.go:170.40,171.48 1 0
auth/ent/token_create.go:171.48,173.4 1 0
auth/ent/token_create.go:175.2,175.43 1 0
auth/ent/token_create.go:175.43,177.3 1 0
auth/ent/token_create.go:178.2,178.41 1 0
auth/ent/token_create.go:178.41,180.3 1 0
auth/ent/token_create.go:181.2,181.43 1 0
auth/ent/token_create.go:181.43,183.3 1 0
auth/ent/token_create.go:184.2,184.43 1 0
auth/ent/token_create.go:184.43,186.3 1 0
auth/ent/token_create.go:187.2,187.40 1 0
auth/ent/token_create.go:187.40,189.3 1 0
auth/ent/token_create.go:190.2,190.12 1 0
auth/ent/token_create.go:193.69,194.35 1 0
auth/ent/token_create.go:194.35,196.3 1 0
auth/ent/token_create.go:197.2,198.67 2 0
auth/ent/token_create.go:198.67,199.38 1 0
auth/ent/token_create.go:199.38,201.4 1 0
auth/ent/token_create.go:202.3,202.18 1 0
auth/ent/token_create.go:204.2,204.27 1 0
auth/ent/token_create.go:204.27,205.44 1 0
auth/ent/token_create.go:205.44,207.4 1 0
auth/ent/token_create.go:207.9,209.4 1 0
auth/ent/token_create.go:211.2,213.19 3 0
auth/ent/token_create.go:216.68,221.36 2 0
auth/ent/token_create.go:221.36,224.3 2 0
auth/ent/token_create.go:225.2,225.42 1 0
auth/ent/token_create.go:225.42,228.3 2 0
auth/ent/token_create.go:229.2,229.44 1 0
auth/ent/token_create.go:229.44,232.3 2 0
auth/ent/token_create.go:233.2,233.46 1 0
auth/ent/token_create.go:233.46,236.3 2 0
auth/ent/token_create.go:237.2,237.44 1 0
auth/ent/token_create.go:237.44,240.3 2 0
auth/ent/token_create.go:241.2,241.46 1 0
auth/ent/token_create.go:241.46,244.3 2 0
auth/ent/token_create.go:245.2,245.46 1 0
auth/ent/token_create.go:245.46,248.3 2 0
auth/ent/token_create.go:249.2,249.52 1 0
auth/ent/token_create.go:249.52,260.27 2 0
auth/ent/token_create.go:260.27,262.4 1 0
auth/ent/token_create.go:263.3,264.42 2 0
auth/ent/token_create.go:266.2,266.21 1 0
auth/ent/token_create.go:277.73,278.20 1 0
auth/ent/token_create.go:278.20,280.3 1 0
auth/ent/token_create.go:281.2,284.30 4 0
auth/ent/token_create.go:284.30,285.37 1 0
auth/ent/token_create.go:285.37,288.86 3 0
auth/ent/token_create.go:288.86,290.12 2 0
auth/ent/token_create.go:290.12,292.6 1 0
auth/ent/token_create.go:293.5,293.43 1 0
auth/ent/token_create.go:293.43,295.6 1 0
auth/ent/token_create.go:296.5,299.28 4 0
auth/ent/token_create.go:299.28,301.6 1 0
auth/ent/token_create.go:301.11,304.71 2 0
auth/ent/token_create.go:304.71,305.42 1 0
auth/ent/token_create.go:305.42,307.8 1 0
auth/ent/token_create.go:310.5,310.19 1 0
auth/ent/token_create.go:310.19,312.6 1 0
auth/ent/token_create.go:313.5,315.25 3 0
auth/ent/token_create.go:317.4,317.49 1 0
auth/ent/token_create.go:317.49,319.5 1 0
auth/ent/token_create.go:320.4,320.21 1 0
auth/ent/token_create.go:323.2,323.23 1 0
auth/ent/token_create.go:323.23,324.78 1 0
auth/ent/token_create.go:324.78,326.4 1 0
auth/ent/token_create.go:328.2,328.19 1 0
auth/ent/token_create.go:332.65,334.16 2 0
auth/ent/token_create.go:334.16,335.13 1 0
auth/ent/token_create.go:337.2,337.10 1 0
auth/ent/token_create.go:341.61,344.2 2 0
auth/ent/token_create.go:347.56,348.38 1 0
auth/ent/token_create.go:348.38,349.13 1 0
auth/ent/token_delete.go:23.66,26.2 2 0
auth/ent/token_delete.go:29.63,31.2 1 0
auth/ent/token_delete.go:34.55,36.16 2 0
auth/ent/token_delete.go:36.16,37.13 1 0
auth/ent/token_delete.go:39.2,39.10 1 0
auth/ent/token_delete.go:42.66,44.47 2 0
auth/ent/token_delete.go:44.47,45.50 1 0
auth/ent/token_delete.go:45.50,46.22 1 0
auth/ent/token_delete.go:46.22,48.5 1 0
auth/ent/token_delete.go:51.2,52.51 2 0
auth/ent/token_delete.go:52.51,54.3 1 0
auth/ent/token_delete.go:55.2,56.22 2 0
auth/ent/token_delete.go:65.73,68.2 2 0
auth/ent/token_delete.go:71.60,73.9 2 0
auth/ent/token_delete.go:74.18,75.13 1 0
auth/ent/token_delete.go:76.14,77.37 1 0
auth/ent/token_delete.go:78.10,79.13 1 0
auth/ent/token_delete.go:84.55,85.38 1 0
auth/ent/token_delete.go:85.38,86.13 1 0
auth/ent/token_query.go:33.64,36.2 2 0
auth/ent/token_query.go:39.52,42.2 2 0
auth/ent/token_query.go:45.54,48.2 2 0
auth/ent/token_query.go:52.55,55.2 2 0
auth/ent/token_query.go:58.65,61.2 2 0
auth/ent/token_query.go:64.46,66.74 2 0
auth/ent/token_query.go:66.74,67.46 1 0
auth/ent/token_query.go:67.46,69.4 1 0
auth/ent/token_query.go:70.3,71.40 2 0
auth/ent/token_query.go:71.40,73.4 1 0
auth/ent/token_query.go:74.3,80.20 3 0
auth/ent/token_query.go:82.2,82.14 1 0
auth/ent/token_query.go:87.66,89.16 2 0
auth/ent/token_query.go:89.16,91.3 1 0
auth/ent/token_query.go:92.2,92.21 1 0
auth/ent/token_query.go:92.21,94.3 1 0
auth/ent/token_query.go:95.2,95.22 1 0
auth/ent/token_query.go:99.58,101.36 2 0
auth/ent/token_query.go:101.36,102.13 1 0
auth/ent/token_query.go:104.2,104.13 1 0
auth/ent/token_query.go:109.75,111.82 2 0
auth/ent/token_query.go:111.82,113.3 1 0
auth/ent/token_query.go:114.2,114.19 1 0
auth/ent/token_query.go:114.19,117.3 2 0
auth/ent/token_query.go:118.2,118.20 1 0
auth/ent/token_query.go:122.60,124.36 2 0
auth/ent/token_query.go:124.36,125.13 1 0
auth/ent/token_query.go:127.2,127.11 1 0
auth/ent/token_query.go:133.65,135.16 2 0
auth/ent/token_query.go:135.16,137.3 1 0
auth/ent/token_query.go:138.2,138.20 1 0
auth/ent/token_query.go:139.9,140.23 1 0
auth/ent/token_query.go:141.9,142.42 1 0
auth/ent/token_query.go:143.10,144.45 1 0
auth/ent/token_query.go:149.57,151.16 2 0
auth/ent/token_query.go:151.16,152.13 1 0
auth/ent/token_query.go:154.2,154.13 1 0
auth/ent/token_query.go:160.74,162.81 2 0
auth/ent/token_query.go:162.81,164.3 1 0
auth/ent/token_query.go:165.2,165.18 1 0
auth/ent/token_query.go:166.9,167.14 1 0
auth/ent/token_query.go:168.9,169.36 1 0
auth/ent/token_query.go:170.10,171.39 1 0
auth/ent/token_query.go:173.2,173.8 1 0
auth/ent/token_query.go:177.59,179.16 2 0
auth/ent/token_query.go:179.16,180.13 1 0
auth/ent/token_query.go:182.2,182.11 1 0
auth/ent/token_query.go:186.66,188.45 2 0
auth/ent/token_query.go:188.45,190.3 1 0
auth/ent/token_query.go:191.2,192.59 2 0
auth/ent/token_query.go:196.58,198.16 2 0
auth/ent/token_query.go:198.16,199.13 1 0
auth/ent/token_query.go:201.2,201.14 1 0
auth/ent/token_query.go:205.74,206.44 1 0
auth/ent/token_query.go:206.44,208.3 1 0
auth/ent/token_query.go:209.2,210.64 2 0
auth/ent/token_query.go:210.64,212.3 1 0
auth/ent/token_query.go:213.2,213.17 1 0
auth/ent/token_query.go:217.58,219.16 2 0
auth/ent/token_query.go:219.16,220.13 1 0
auth/ent/token_query.go:222.2,222.12 1 0
auth/ent/token_query.go:226.63,228.45 2 0
auth/ent/token_query.go:228.45,230.3 1 0
auth/ent/token_query.go:231.2,231.79 1 0
auth/ent/token_query.go:235.55,237.16 2 0
auth/ent/token_query.go:237.16,238.13 1 0
auth/ent/token_query.go:240.2,240.14 1 0
auth/ent/token_query.go:244.64,246.36 2 0
auth/ent/token_query.go:247.23,248.20 1 0
auth/ent/token_query.go:249.18,250.60 1 0
auth/ent/token_query.go:251.10,252.19 1 0
auth/ent/token_query.go:257.56,259.16 2 0
auth/ent/token_query.go:259.16,260.13 1 0
auth/ent/token_query.go:262.2,262.14 1 0
auth/ent/token_query.go:267.43,268.15 1 0
auth/ent/token_query.go:268.15,270.3 1 0
auth/ent/token_query.go:271.2,281.3 1 0
auth/ent/token_query.go:286.70,288.27 2 0
auth/ent/token_query.go:288.27,290.3 1 0
auth/ent/token_query.go:291.2,292.11 2 0
auth/ent/token_query.go:309.77,316.2 6 0
auth/ent/token_query.go:330.61,336.2 5 0
auth/ent/token_query.go:339.68,341.2 1 0
auth/ent/token_query.go:343.63,344.34 1 0
auth/ent/token_query.go:344.34,345.19 1 0
auth/ent/token_query.go:345.19,347.4 1 0
auth/ent/token_query.go:348.3,348.39 1 0
auth/ent/token_query.go:348.39,349.48 1 0
auth/ent/token_query.go:349.48,351.5 1 0
auth/ent/token_query.go:354.2,354.34 1 0
auth/ent/token_query.go:354.34,355.28 1 0
auth/ent/token_query.go:355.28,357.4 1 0
auth/ent/token_query.go:359.2,359.20 1 0
auth/ent/token_query.go:359.20,361.17 2 0
auth/ent/token_query.go:361.17,363.4 1 0
auth/ent/token_query.go:364.3,364.16 1 0
auth/ent/token_query.go:366.2,366.12 1 0
auth/ent/token_query.go:369.89,378.24 2 0
auth/ent/token_query.go:378.24,380.3 1 0
auth/ent/token_query.go:381.2,381.13 1 0
auth/ent/token_query.go:381.13,383.3 1 0
auth/ent/token_query.go:384.2,384.59 1 0
auth/ent/token_query.go:384.59,386.3 1 0
auth/ent/token_query.go:387.2,387.60 1 0
auth/ent/token_query.go:387.60,392.3 4 0
auth/ent/token_query.go:393.2,393.23 1 0
auth/ent/token_query.go:393.23,395.3 1 0
auth/ent/token_query.go:396.2,396.67 1 0
auth/ent/token_query.go:396.67,398.3 1 0
auth/ent/token_query.go:399.2,399.21 1 0
auth/ent/token_query.go:399.21,401.3 1 0
auth/ent/token_query.go:402.2,402.40 1 0
auth/ent/token_query.go:402.40,404.28 1 0
auth/ent/token_query.go:404.28,404.48 1 0
auth/ent/token_query.go:404.62,406.4 1 0
auth/ent/token_query.go:408.2,408.19 1 0
auth/ent/token_query.go:411.140,414.23 3 0
auth/ent/token_query.go:414.23,415.34 1 0
auth/ent/token_query.go:415.34,416.12 1 0
auth/ent/token_query.go:418.3,419.32 2 0
auth/ent/token_query.go:419.32,421.4 1 0
auth/ent/token_query.go:422.3,422.46 1 0
auth/ent/token_query.go:424.2,424.19 1 0
auth/ent/token_query.go:424.19,426.3 1 0
auth/ent/token_query.go:427.2,429.16 3 0
auth/ent/token_query.go:429.16,431.3 1 0
auth/ent/token_query.go:432.2,432.30 1 0
auth/ent/token_query.go:432.30,434.10 2 0
auth/ent/token_query.go:434.10,436.4 1 0
auth/ent/token_query.go:437.3,437.24 1 0
auth/ent/token_query.go:437.24,439.4 1 0
auth/ent/token_query.go:441.2,441.12 1 0
auth/ent/token_query.go:444.66,447.28 3 0
auth/ent/token_query.go:447.28,449.3 1 0
auth/ent/token_query.go:450.2,450.51 1 0
auth/ent/token_query.go:453.55,456.44 3 0
auth/ent/token_query.go:456.44,458.3 1 0
auth/ent/token_query.go:458.8,458.27 1 0
auth/ent/token_query.go:458.27,460.3 1 0
auth/ent/token_query.go:461.2,461.46 1 0
auth/ent/token_query.go:461.46,464.25 3 0
auth/ent/token_query.go:464.25,465.34 1 0
auth/ent/token_query.go:465.34,467.5 1 0
auth/ent/token_query.go:470.2,470.38 1 0
auth/ent/token_query.go:470.38,471.50 1 0
auth/ent/token_query.go:471.50,472.22 1 0
auth/ent/token_query.go:472.22,474.5 1 0
auth/ent/token_query.go:477.2,477.41 1 0
auth/ent/token_query.go:477.41,479.3 1 0
auth/ent/token_query.go:480.2,480.44 1 0
auth/ent/token_query.go:480.44,482.3 1 0
auth/ent/token_query.go:483.2,483.33 1 0
auth/ent/token_query.go:483.33,484.46 1 0
auth/ent/token_query.go:484.46,485.22 1 0
auth/ent/token_query.go:485.22,487.5 1 0
auth/ent/token_query.go:490.2,490.14 1 0
auth/ent/token_query.go:493.67,497.23 4 0
auth/ent/token_query.go:497.23,499.3 1 0
auth/ent/token_query.go:500.2,501.19 2 0
auth/ent/token_query.go:501.19,504.3 2 0
auth/ent/token_query.go:505.2,505.44 1 0
auth/ent/token_query.go:505.44,507.3 1 0
auth/ent/token_query.go:508.2,508.34 1 0
auth/ent/token_query.go:508.34,510.3 1 0
auth/ent/token_query.go:511.2,511.29 1 0
auth/ent/token_query.go:511.29,513.3 1 0
auth/ent/token_query.go:514.2,514.44 1 0
auth/ent/token_query.go:514.44,518.3 1 0
auth/ent/token_query.go:519.2,519.41 1 0
auth/ent/token_query.go:519.41,521.3 1 0
auth/ent/token_query.go:522.2,522.17 1 0
auth/ent/token_query.go:532.72,535.2 2 0
auth/ent/token_query.go:538.65,540.52 2 0
auth/ent/token_query.go:540.52,542.3 1 0
auth/ent/token_query.go:543.2,543.99 1 0
auth/ent/token_query.go:546.86,549.29 3 0
auth/ent/token_query.go:549.29,551.3 1 0
auth/ent/token_query.go:552.2,552.42 1 0
auth/ent/token_query.go:552.42,554.31 2 0
auth/ent/token_query.go:554.31,556.4 1 0
auth/ent/token_query.go:557.3,558.30 2 0
auth/ent/token_query.go:560.2,561.39 2 0
auth/ent/token_query.go:561.39,563.3 1 0
auth/ent/token_query.go:564.2,566.71 3 0
auth/ent/token_query.go:566.71,568.3 1 0
auth/ent/token_query.go:569.2,570.31 2 0
auth/ent/token_query.go:580.69,583.2 2 0
auth/ent/token_query.go:586.63,588.45 2 0
auth/ent/token_query.go:588.45,590.3 1 0
auth/ent/token_query.go:591.2,591.94 1 0
auth/ent/token_query.go:594.84,597.28 3 0
auth/ent/token_query.go:597.28,599.3 1 0
auth/ent/token_query.go:600.2,600.38 1 0
auth/ent/token_query.go:601.38,602.34 1 0
auth/ent/token_query.go:603.38,604.40 1 0
auth/ent/token_query.go:606.2,608.64 3 0
auth/ent/token_query.go:608.64,610.3 1 0
auth/ent/token_query.go:611.2,612.31 2 0
auth/ent/token_update.go:27.66,30.2 2 0
auth/ent/token_update.go:33.56,36.2 2 0
auth/ent/token_update.go:39.65,40.14 1 0
auth/ent/token_update.go:40.14,42.3 1 0
auth/ent/token_update.go:43.2,43.11 1 0
auth/ent/token_update.go:47.59,50.2 2 0
auth/ent/token_update.go:53.68,54.14 1 0
auth/ent/token_update.go:54.14,56.3 1 0
auth/ent/token_update.go:57.2,57.11 1 0
auth/ent/token_update.go:61.63,64.2 2 0
auth/ent/token_update.go:67.72,68.14 1 0
auth/ent/token_update.go:68.14,70.3 1 0
auth/ent/token_update.go:71.2,71.11 1 0
auth/ent/token_update.go:75.56,78.2 2 0
auth/ent/token_update.go:81.65,82.14 1 0
auth/ent/token_update.go:82.14,84.3 1 0
auth/ent/token_update.go:85.2,85.11 1 0
auth/ent/token_update.go:89.63,92.2 2 0
auth/ent/token_update.go:95.72,96.14 1 0
auth/ent/token_update.go:96.14,98.3 1 0
auth/ent/token_update.go:99.2,99.11 1 0
auth/ent/token_update.go:103.63,106.2 2 0
auth/ent/token_update.go:109.58,112.2 2 0
auth/ent/token_update.go:115.54,117.2 1 0
auth/ent/token_update.go:120.50,122.2 1 0
auth/ent/token_update.go:125.49,128.2 2 0
auth/ent/token_update.go:131.63,134.2 2 0
auth/ent/token_update.go:137.55,139.16 2 0
auth/ent/token_update.go:139.16,140.13 1 0
auth/ent/token_update.go:142.2,142.17 1 0
auth/ent/token_update.go:146.56,149.2 2 0
auth/ent/token_update.go:152.51,153.37 1 0
auth/ent/token_update.go:153.37,154.13 1 0
auth/ent/token_update.go:159.35,160.43 1 0
auth/ent/token_update.go:160.43,163.3 2 0
auth/ent/token_update.go:167.38,168.40 1 0
auth/ent/token_update.go:168.40,169.48 1 0
auth/ent/token_update.go:169.48,171.4 1 0
auth/ent/token_update.go:173.2,173.69 1 0
auth/ent/token_update.go:173.69,175.3 1 0
auth/ent/token_update.go:176.2,176.12 1 0
auth/ent/token_update.go:179.72,180.35 1 0
auth/ent/token_update.go:180.35,182.3 1 0
auth/ent/token_update.go:183.2,184.47 2 0
auth/ent/token_update.go:184.47,185.50 1 0
auth/ent/token_update.go:185.50,186.22 1 0
auth/ent/token_update.go:186.22,188.5 1 0
auth/ent/token_update.go:191.2,191.42 1 0
auth/ent/token_update.go:191.42,193.3 1 0
auth/ent/token_update.go:194.2,194.44 1 0
auth/ent/token_update.go:194.44,196.3 1 0
auth/ent/token_update.go:197.2,197.46 1 0
auth/ent/token_update.go:197.46,199.3 1 0
auth/ent/token_update.go:200.2,200.44 1 0
auth/ent/token_update.go:200.44,202.3 1 0
auth/ent/token_update.go:203.2,203.46 1 0
auth/ent/token_update.go:203.46,205.3 1 0
auth/ent/token_update.go:206.2,206.46 1 0
auth/ent/token_update.go:206.46,208.3 1 0
auth/ent/token_update.go:209.2,209.31 1 0
auth/ent/token_update.go:209.31,221.3 2 0
auth/ent/token_update.go:222.2,222.52 1 0
auth/ent/token_update.go:222.52,233.27 2 0
auth/ent/token_update.go:233.27,235.4 1 0
auth/ent/token_update.go:236.3,236.50 1 0
auth/ent/token_update.go:238.2,238.70 1 0
auth/ent/token_update.go:238.70,239.49 1 0
auth/ent/token_update.go:239.49,241.4 1 0
auth/ent/token_update.go:241.9,241.45 1 0
auth/ent/token_update.go:241.45,243.4 1 0
auth/ent/token_update.go:244.3,244.16 1 0
auth/ent/token_update.go:246.2,247.15 2 0
auth/ent/token_update.go:259.63,262.2 2 0
auth/ent/token_update.go:265.72,266.14 1 0
auth/ent/token_update.go:266.14,268.3 1 0
auth/ent/token_update.go:269.2,269.12 1 0
auth/ent/token_update.go:273.66,276.2 2 0
auth/ent/token_update.go:279.75,280.14 1 0
auth/ent/token_update.go:280.14,282.3 1 0
auth/ent/token_update.go:283.2,283.12 1 0
auth/ent/token_update.go:287.70,290.2 2 0
auth/ent/token_update.go:293.79,294.14 1 0
auth/ent/token_update.go:294.14,296.3 1 0
auth/ent/token_update.go:297.2,297.12 1 0
auth/ent/token_update.go:301.63,304.2 2 0
auth/ent/token_update.go:307.72,308.14 1 0
auth/ent/token_update.go:308.14,310.3 1 0
auth/ent/token_update.go:311.2,311.12 1 0
auth/ent/token_update.go:315.70,318.2 2 0
auth/ent/token_update.go:321.79,322.14 1 0
auth/ent/token_update.go:322.14,324.3 1 0
auth/ent/token_update.go:325.2,325.12 1 0
auth/ent/token_update.go:329.70,332.2 2 0
auth/ent/token_update.go:335.65,338.2 2 0
auth/ent/token_update.go:341.61,343.2 1 0
auth/ent/token_update.go:346.54,348.2 1 0
auth/ent/token_update.go:351.56,354.2 2 0
auth/ent/token_update.go:357.73,360.2 2 0
auth/ent/token_update.go:364.83,367.2 2 0
auth/ent/token_update.go:370.70,373.2 2 0
auth/ent/token_update.go:376.62,378.16 2 0
auth/ent/token_update.go:378.16,379.13 1 0
auth/ent/token_update.go:381.2,381.13 1 0
auth/ent/token_update.go:385.60,388.2 2 0
auth/ent/token_update.go:391.55,392.38 1 0
auth/ent/token_update.go:392.38,393.13 1 0
auth/ent/token_update.go:398.39,399.44 1 0
auth/ent/token_update.go:399.44,402.3 2 0
auth/ent/token_update.go:406.42,407.41 1 0
auth/ent/token_update.go:407.41,408.48 1 0
auth/ent/token_update.go:408.48,410.4 1 0
auth/ent/token_update.go:412.2,412.71 1 0
auth/ent/token_update.go:412.71,414.3 1 0
auth/ent/token_update.go:415.2,415.12 1 0
auth/ent/token_update.go:418.83,419.36 1 0
auth/ent/token_update.go:419.36,421.3 1 0
auth/ent/token_update.go:422.2,424.9 3 0
auth/ent/token_update.go:424.9,426.3 1 0
auth/ent/token_update.go:427.2,428.43 2 0
auth/ent/token_update.go:428.43,431.28 3 0
auth/ent/token_update.go:431.28,432.29 1 0
auth/ent/token_update.go:432.29,434.5 1 0
auth/ent/token_update.go:435.4,435.26 1 0
auth/ent/token_update.go:435.26,437.5 1 0
auth/ent/token_update.go:440.2,440.48 1 0
auth/ent/token_update.go:440.48,441.50 1 0
auth/ent/token_update.go:441.50,442.22 1 0
auth/ent/token_update.go:442.22,444.5 1 0
auth/ent/token_update.go:447.2,447.43 1 0
auth/ent/token_update.go:447.43,449.3 1 0
auth/ent/token_update.go:450.2,450.45 1 0
auth/ent/token_update.go:450.45,452.3 1 0
auth/ent/token_update.go:453.2,453.47 1 0
auth/ent/token_update.go:453.47,455.3 1 0
auth/ent/token_update.go:456.2,456.45 1 0
auth/ent/token_update.go:456.45,458.3 1 0
auth/ent/token_update.go:459.2,459.47 1 0
auth/ent/token_update.go:459.47,461.3 1 0
auth/ent/token_update.go:462.2,462.47 1 0
auth/ent/token_update.go:462.47,464.3 1 0
auth/ent/token_update.go:465.2,465.32 1 0
auth/ent/token_update.go:465.32,477.3 2 0
auth/ent/token_update.go:478.2,478.53 1 0
auth/ent/token_update.go:478.53,489.27 2 0
auth/ent/token_update.go:489.27,491.4 1 0
auth/ent/token_update.go:492.3,492.50 1 0
auth/ent/token_update.go:494.2,497.67 4 0
auth/ent/token_update.go:497.67,498.49 1 0
auth/ent/token_update.go:498.49,500.4 1 0
auth/ent/token_update.go:500.9,500.45 1 0
auth/ent/token_update.go:500.45,502.4 1 0
auth/ent/token_update.go:503.3,503.18 1 0
auth/ent/token_update.go:505.2,506.19 2 0
auth/ent/tx.go:59.63,61.2 1 0
auth/ent/tx.go:64.30,66.65 2 0
auth/ent/tx.go:66.65,68.3 1 0
auth/ent/tx.go:69.2,72.39 4 0
auth/ent/tx.go:72.39,74.3 1 0
auth/ent/tx.go:75.2,75.30 1 0
auth/ent/tx.go:79.38,84.2 4 0
auth/ent/tx.go:115.67,117.2 1 0
auth/ent/tx.go:120.32,122.68 2 0
auth/ent/tx.go:122.68,124.3 1 0
auth/ent/tx.go:125.2,128.39 4 0
auth/ent/tx.go:128.39,130.3 1 0
auth/ent/tx.go:131.2,131.32 1 0
auth/ent/tx.go:135.42,140.2 4 0
auth/ent/tx.go:143.32,144.26 1 0
auth/ent/tx.go:144.26,147.3 2 0
auth/ent/tx.go:148.2,148.18 1 0
auth/ent/tx.go:151.22,155.2 3 0
auth/ent/tx.go:180.72,182.16 2 0
auth/ent/tx.go:182.16,184.3 1 0
auth/ent/tx.go:185.2,185.41 1 0
auth/ent/tx.go:190.61,190.79 1 0
auth/ent/tx.go:193.38,193.65 1 0
auth/ent/tx.go:196.32,196.46 1 0
auth/ent/tx.go:200.33,200.47 1 0
auth/ent/tx.go:204.35,204.49 1 0
auth/ent/tx.go:207.80,209.2 1 0
auth/ent/tx.go:212.81,214.2 1 0
auth/ent/user.go:49.50,50.22 1 0
auth/ent/user.go:50.22,52.3 1 0
auth/ent/user.go:53.2,53.44 1 0
auth/ent/user.go:58.52,59.22 1 0
auth/ent/user.go:59.22,61.3 1 0
auth/ent/user.go:62.2,62.45 1 0
auth/ent/user.go:66.58,68.25 2 0
auth/ent/user.go:68.25,69.21 1 0
auth/ent/user.go:70.78,71.35 1 0
auth/ent/user.go:72.49,73.33 1 0
auth/ent/user.go:74.11,75.36 1 0
auth/ent/user.go:78.2,78.20 1 0
auth/ent/user.go:83.67,84.46 1 0
auth/ent/user.go:84.46,86.3 1 0
auth/ent/user.go:87.2,87.25 1 0
auth/ent/user.go:87.25,88.21 1 0
auth/ent/user.go:89.21,90.53 1 0
auth/ent/user.go:90.53,92.5 1 0
auth/ent/user.go:92.10,92.26 1 0
auth/ent/user.go:92.26,94.5 1 0
auth/ent/user.go:95.27,96.53 1 0
auth/ent/user.go:96.53,98.5 1 0
auth/ent/user.go:98.10,98.26 1 0
auth/ent/user.go:98.26,100.5 1 0
auth/ent/user.go:101.24,102.53 1 0
auth/ent/user.go:102.53,104.5 1 0
auth/ent/user.go:104.10,104.26 1 0
auth/ent/user.go:104.26,106.5 1 0
auth/ent/user.go:107.27,108.53 1 0
auth/ent/user.go:108.53,110.5 1 0
auth/ent/user.go:110.10,110.26 1 0
auth/ent/user.go:110.26,112.5 1 0
auth/ent/user.go:113.28,114.51 1 0
auth/ent/user.go:114.51,116.5 1 0
auth/ent/user.go:116.10,116.26 1 0
auth/ent/user.go:116.26,118.5 1 0
auth/ent/user.go:119.28,120.51 1 0
auth/ent/user.go:120.51,122.5 1 0
auth/ent/user.go:122.10,122.26 1 0
auth/ent/user.go:122.26,124.5 1 0
auth/ent/user.go:125.11,126.45 1 0
auth/ent/user.go:129.2,129.12 1 0
auth/ent/user.go:134.54,136.2 1 0
auth/ent/user.go:139.40,141.2 1 0
auth/ent/user.go:144.42,146.2 1 0
auth/ent/user.go:151.40,153.2 1 0
auth/ent/user.go:157.31,159.9 2 0
auth/ent/user.go:159.9,160.51 1 0
auth/ent/user.go:162.2,163.10 2 0
auth/ent/user.go:167.32,187.2 19 0
auth/ent/user_create.go:26.57,29.2 2 0
auth/ent/user_create.go:32.54,35.2 2 0
auth/ent/user_create.go:38.57,41.2 2 0
auth/ent/user_create.go:44.61,47.2 2 0
auth/ent/user_create.go:50.70,51.14 1 0
[...]
auth/ent/user_update.go:310.3,310.54 1 0
auth/ent/user_update.go:312.2,312.54 1 0
auth/ent/user_update.go:312.54,323.27 2 0
auth/ent/user_update.go:323.27,325.4 1 0
auth/ent/user_update.go:326.3,326.50 1 0
auth/ent/user_update.go:328.2,328.70 1 0
auth/ent/user_update.go:328.70,329.49 1 0
auth/ent/user_update.go:329.49,331.4 1 0
auth/ent/user_update.go:331.9,331.45 1 0
auth/ent/user_update.go:331.45,333.4 1 0
auth/ent/user_update.go:334.3,334.16 1 0
auth/ent/user_update.go:336.2,337.15 2 0
auth/ent/user_update.go:349.64,352.2 2 1
auth/ent/user_update.go:355.73,356.14 1 0
auth/ent/user_update.go:356.14,358.3 1 0
auth/ent/user_update.go:359.2,359.12 1 0
auth/ent/user_update.go:363.61,366.2 2 1
auth/ent/user_update.go:369.70,370.14 1 0
auth/ent/user_update.go:370.14,372.3 1 0
auth/ent/user_update.go:373.2,373.12 1 0
auth/ent/user_update.go:377.64,380.2 2 3
auth/ent/user_update.go:383.73,384.14 1 0
auth/ent/user_update.go:384.14,386.3 1 0
auth/ent/user_update.go:387.2,387.12 1 0
auth/ent/user_update.go:391.68,394.2 2 0
auth/ent/user_update.go:397.77,398.14 1 0
auth/ent/user_update.go:398.14,400.3 1 0
auth/ent/user_update.go:401.2,401.12 1 0
auth/ent/user_update.go:405.68,408.2 2 2
auth/ent/user_update.go:411.68,414.2 2 8
auth/ent/user_update.go:417.63,419.19 2 0
auth/ent/user_update.go:419.19,421.3 1 0
auth/ent/user_update.go:422.2,422.31 1 0
auth/ent/user_update.go:426.69,429.2 2 0
auth/ent/user_update.go:432.65,434.19 2 0
auth/ent/user_update.go:434.19,436.3 1 0
auth/ent/user_update.go:437.2,437.32 1 0
auth/ent/user_update.go:441.52,443.2 1 0
auth/ent/user_update.go:446.55,449.2 2 0
auth/ent/user_update.go:452.71,455.2 2 2
auth/ent/user_update.go:458.66,460.19 2 0
auth/ent/user_update.go:460.19,462.3 1 0
auth/ent/user_update.go:463.2,463.34 1 0
auth/ent/user_update.go:467.56,470.2 2 0
auth/ent/user_update.go:473.72,476.2 2 0
auth/ent/user_update.go:479.68,481.19 2 0
auth/ent/user_update.go:481.19,483.3 1 0
auth/ent/user_update.go:484.2,484.35 1 0
auth/ent/user_update.go:488.70,491.2 2 0
auth/ent/user_update.go:495.81,498.2 2 0
auth/ent/user_update.go:501.68,502.39 1 13
auth/ent/user_update.go:502.39,504.3 1 0
auth/ent/user_update.go:505.2,505.61 1 13
auth/ent/user_update.go:509.60,511.16 2 0
auth/ent/user_update.go:511.16,512.13 1 0
auth/ent/user_update.go:514.2,514.13 1 0
auth/ent/user_update.go:518.59,521.2 2 12
auth/ent/user_update.go:524.54,525.38 1 0
auth/ent/user_update.go:525.38,526.13 1 0
auth/ent/user_update.go:531.44,532.44 1 13
auth/ent/user_update.go:532.44,533.41 1 11
auth/ent/user_update.go:533.41,535.4 1 0
auth/ent/user_update.go:536.3,537.31 2 11
auth/ent/user_update.go:539.2,539.12 1 13
auth/ent/user_update.go:542.81,545.9 3 13
auth/ent/user_update.go:545.9,547.3 1 0
auth/ent/user_update.go:548.2,549.43 2 13
auth/ent/user_update.go:549.43,552.28 3 0
auth/ent/user_update.go:552.28,553.28 1 0
auth/ent/user_update.go:553.28,555.5 1 0
auth/ent/user_update.go:556.4,556.25 1 0
auth/ent/user_update.go:556.25,558.5 1 0
auth/ent/user_update.go:561.2,561.48 1 13
auth/ent/user_update.go:561.48,562.50 1 0
auth/ent/user_update.go:562.50,563.22 1 0
auth/ent/user_update.go:563.22,565.5 1 0
auth/ent/user_update.go:568.2,568.46 1 13
auth/ent/user_update.go:568.46,570.3 1 1
auth/ent/user_update.go:571.2,571.43 1 13
auth/ent/user_update.go:571.43,573.3 1 1
auth/ent/user_update.go:574.2,574.46 1 13
auth/ent/user_update.go:574.46,576.3 1 3
auth/ent/user_update.go:577.2,577.47 1 13
auth/ent/user_update.go:577.47,579.3 1 0
auth/ent/user_update.go:580.2,580.47 1 13
auth/ent/user_update.go:580.47,582.3 1 13
auth/ent/user_update.go:583.2,583.33 1 13
auth/ent/user_update.go:583.33,595.3 2 0
auth/ent/user_update.go:596.2,596.93 1 13
auth/ent/user_update.go:596.93,607.27 2 2
auth/ent/user_update.go:607.27,609.4 1 2
auth/ent/user_update.go:610.3,610.54 1 2
auth/ent/user_update.go:612.2,612.54 1 13
auth/ent/user_update.go:612.54,623.27 2 8
auth/ent/user_update.go:623.27,625.4 1 8
auth/ent/user_update.go:626.3,626.50 1 8
auth/ent/user_update.go:628.2,628.34 1 13
auth/ent/user_update.go:628.34,640.3 2 0
auth/ent/user_update.go:641.2,641.95 1 13
auth/ent/user_update.go:641.95,652.27 2 0
auth/ent/user_update.go:652.27,654.4 1 0
auth/ent/user_update.go:655.3,655.54 1 0
auth/ent/user_update.go:657.2,657.55 1 13
auth/ent/user_update.go:657.55,668.27 2 0
auth/ent/user_update.go:668.27,670.4 1 0
auth/ent/user_update.go:671.3,671.50 1 0
auth/ent/user_update.go:673.2,676.67 4 13
auth/ent/user_update.go:676.67,677.49 1 0
auth/ent/user_update.go:677.49,679.4 1 0
auth/ent/user_update.go:679.9,679.45 1 0
auth/ent/user_update.go:679.45,681.4 1 0
auth/ent/user_update.go:682.3,682.18 1 0
auth/ent/user_update.go:684.2,685.19 2 13
auth/ent/enttest/enttest.go:35.45,36.26 1 0
auth/ent/enttest/enttest.go:36.26,38.3 1 0
auth/ent/enttest/enttest.go:42.62,43.26 1 0
auth/ent/enttest/enttest.go:43.26,45.3 1 0
auth/ent/enttest/enttest.go:48.41,50.27 2 6
auth/ent/enttest/enttest.go:50.27,52.3 1 0
auth/ent/enttest/enttest.go:53.2,53.10 1 6
auth/ent/enttest/enttest.go:57.86,60.16 3 6
auth/ent/enttest/enttest.go:60.16,63.3 2 0
auth/ent/enttest/enttest.go:64.2,65.10 2 6
auth/ent/enttest/enttest.go:69.56,74.2 4 0
auth/ent/enttest/enttest.go:75.59,77.16 2 6
auth/ent/enttest/enttest.go:77.16,80.3 2 0
auth/ent/enttest/enttest.go:81.2,81.97 1 6
auth/ent/enttest/enttest.go:81.97,84.3 2 0
auth/ent/migrate/migrate.go:41.44,41.72 1 6
auth/ent/migrate/migrate.go:44.82,46.2 1 0
auth/ent/migrate/migrate.go:49.105,51.16 2 6
auth/ent/migrate/migrate.go:51.16,53.3 1 0
auth/ent/migrate/migrate.go:54.2,54.39 1 6
auth/ent/migrate/migrate.go:62.96,64.2 1 0
auth/ent/migrate/schema.go:99.13,103.2 3 1
auth/ent/role/role.go:52.38,53.25 1 0
auth/ent/role/role.go:53.25,54.27 1 0
auth/ent/role/role.go:54.27,56.4 1 0
auth/ent/role/role.go:58.2,58.14 1 0
auth/ent/role/role.go:76.52,78.2 1 0
auth/ent/role/role.go:81.54,83.2 1 0
auth/ent/role/role.go:86.59,88.2 1 0
auth/ent/role/role.go:91.59,93.2 1 0
auth/ent/role/role.go:96.60,97.31 1 0
auth/ent/role/role.go:97.31,99.3 1 0
auth/ent/role/role.go:103.70,104.31 1 0
auth/ent/role/role.go:104.31,106.3 1 0
auth/ent/role/role.go:108.36,114.2 1 3
auth/ent/role/where.go:14.35,16.2 1 8
auth/ent/role/where.go:19.37,21.2 1 0
auth/ent/role/where.go:24.38,26.2 1 0
auth/ent/role/where.go:29.41,31.2 1 0
auth/ent/role/where.go:34.44,36.2 1 0
auth/ent/role/where.go:39.37,41.2 1 0
auth/ent/role/where.go:44.38,46.2 1 0
auth/ent/role/where.go:49.37,51.2 1 0
auth/ent/role/where.go:54.38,56.2 1 0
auth/ent/role/where.go:59.44,61.2 1 0
auth/ent/role/where.go:64.47,66.2 1 0
auth/ent/role/where.go:69.36,71.2 1 1
auth/ent/role/where.go:74.44,76.2 1 0
auth/ent/role/where.go:79.44,81.2 1 0
auth/ent/role/where.go:84.38,86.2 1 0
auth/ent/role/where.go:89.39,91.2 1 0
auth/ent/role/where.go:94.42,96.2 1 0
auth/ent/role/where.go:99.45,101.2 1 0
auth/ent/role/where.go:104.38,106.2 1 0
auth/ent/role/where.go:109.39,111.2 1 0
auth/ent/role/where.go:114.38,116.2 1 0
auth/ent/role/where.go:119.39,121.2 1 0
auth/ent/role/where.go:124.44,126.2 1 0
auth/ent/role/where.go:129.45,131.2 1 1
auth/ent/role/where.go:134.45,136.2 1 0
auth/ent/role/where.go:139.45,141.2 1 0
auth/ent/role/where.go:144.48,146.2 1 0
auth/ent/role/where.go:149.46,151.2 1 0
auth/ent/role/where.go:154.47,156.2 1 0
auth/ent/role/where.go:159.50,161.2 1 0
auth/ent/role/where.go:164.53,166.2 1 0
auth/ent/role/where.go:169.46,171.2 1 0
auth/ent/role/where.go:174.47,176.2 1 0
auth/ent/role/where.go:179.46,181.2 1 0
auth/ent/role/where.go:184.47,186.2 1 0
auth/ent/role/where.go:189.46,191.2 1 0
auth/ent/role/where.go:194.47,196.2 1 0
auth/ent/role/where.go:199.50,201.2 1 0
auth/ent/role/where.go:204.53,206.2 1 0
auth/ent/role/where.go:209.46,211.2 1 0
auth/ent/role/where.go:214.47,216.2 1 0
auth/ent/role/where.go:219.46,221.2 1 0
auth/ent/role/where.go:224.47,226.2 1 0
auth/ent/role/where.go:229.32,230.46 1 0
auth/ent/role/where.go:230.46,236.3 2 0
auth/ent/role/where.go:240.59,241.46 1 3
auth/ent/role/where.go:241.46,243.60 2 3
auth/ent/role/where.go:243.60,244.28 1 3
auth/ent/role/where.go:244.28,246.5 1 3
auth/ent/role/where.go:252.55,254.2 1 0
auth/ent/role/where.go:257.54,259.2 1 0
auth/ent/role/where.go:262.43,264.2 1 0
auth/ent/runtime/runtime.go:16.13,71.2 31 1
auth/ent/schema/role.go:18.34,21.30 1 1
auth/ent/schema/role.go:21.30,23.5 1 34
auth/ent/schema/role.go:35.32,40.2 1 0
auth/ent/schema/token.go:18.35,21.30 1 1
auth/ent/schema/token.go:21.30,23.5 1 13
auth/ent/schema/token.go:39.33,46.2 1 0
auth/ent/schema/user.go:20.34,23.30 1 1
auth/ent/schema/user.go:23.30,25.5 1 38
auth/ent/schema/user.go:38.32,43.2 1 0
auth/ent/schema/user.go:46.32,50.2 1 1
auth/ent/schema/user.go:53.30,54.44 1 1
auth/ent/schema/user.go:54.44,55.86 1 60
auth/ent/schema/user.go:55.86,56.47 1 60
auth/ent/schema/user.go:56.47,58.19 2 47
auth/ent/schema/user.go:58.19,60.6 1 0
auth/ent/schema/user.go:61.5,61.41 1 47
auth/ent/schema/user.go:63.4,63.30 1 60
auth/ent/token/token.go:61.38,62.25 1 0
auth/ent/token/token.go:62.25,63.27 1 0
auth/ent/token/token.go:63.27,65.4 1 0
auth/ent/token/token.go:67.2,67.29 1 0
auth/ent/token/token.go:67.29,68.31 1 0
auth/ent/token/token.go:68.31,70.4 1 0
auth/ent/token/token.go:72.2,72.14 1 0
auth/ent/token/token.go:97.35,99.2 1 2
auth/ent/token/token.go:102.38,103.15 1 13
auth/ent/token/token.go:104.31,105.13 1 13
auth/ent/token/token.go:106.10,107.75 1 0
auth/ent/token/token.go:115.52,117.2 1 0
auth/ent/token/token.go:120.55,122.2 1 0
auth/ent/token/token.go:125.54,127.2 1 0
auth/ent/token/token.go:130.59,132.2 1 0
auth/ent/token/token.go:135.57,137.2 1 0
auth/ent/token/token.go:140.59,142.2 1 0
auth/ent/token/token.go:145.59,147.2 1 0
auth/ent/token/token.go:150.73,151.31 1 0
auth/ent/token/token.go:151.31,153.3 1 0
auth/ent/token/token.go:155.35,161.2 1 3
auth/ent/token/where.go:14.36,16.2 1 4
auth/ent/token/where.go:19.38,21.2 1 0
auth/ent/token/where.go:24.39,26.2 1 0
auth/ent/token/where.go:29.42,31.2 1 0
auth/ent/token/where.go:34.45,36.2 1 0
auth/ent/token/where.go:39.38,41.2 1 0
auth/ent/token/where.go:44.39,46.2 1 0
auth/ent/token/where.go:49.38,51.2 1 0
auth/ent/token/where.go:54.39,56.2 1 0
auth/ent/token/where.go:59.45,61.2 1 0
auth/ent/token/where.go:64.48,66.2 1 0
auth/ent/token/where.go:69.38,71.2 1 6
auth/ent/token/where.go:74.45,76.2 1 0
auth/ent/token/where.go:79.38,81.2 1 4
auth/ent/token/where.go:84.45,86.2 1 0
auth/ent/token/where.go:89.45,91.2 1 0
auth/ent/token/where.go:94.40,96.2 1 0
auth/ent/token/where.go:99.41,101.2 1 0
auth/ent/token/where.go:104.44,106.2 1 0
auth/ent/token/where.go:109.47,111.2 1 0
auth/ent/token/where.go:114.40,116.2 1 0
auth/ent/token/where.go:119.41,121.2 1 0
auth/ent/token/where.go:124.40,126.2 1 0
auth/ent/token/where.go:129.41,131.2 1 0
auth/ent/token/where.go:134.46,136.2 1 0
auth/ent/token/where.go:139.47,141.2 1 0
auth/ent/token/where.go:144.47,146.2 1 0
auth/ent/token/where.go:149.47,151.2 1 0
auth/ent/token/where.go:154.50,156.2 1 0
auth/ent/token/where.go:159.37,161.2 1 0
auth/ent/token/where.go:164.38,166.2 1 0
auth/ent/token/where.go:169.41,171.2 1 0
auth/ent/token/where.go:174.44,176.2 1 0
auth/ent/token/where.go:179.47,181.2 1 0
auth/ent/token/where.go:184.48,186.2 1 0
auth/ent/token/where.go:189.51,191.2 1 0
auth/ent/token/where.go:194.54,196.2 1 0
auth/ent/token/where.go:199.47,201.2 1 2
auth/ent/token/where.go:204.48,206.2 1 0
auth/ent/token/where.go:209.47,211.2 1 1
auth/ent/token/where.go:214.48,216.2 1 0
auth/ent/token/where.go:219.40,221.2 1 3
auth/ent/token/where.go:224.41,226.2 1 0
auth/ent/token/where.go:229.47,231.2 1 0
auth/ent/token/where.go:234.48,236.2 1 0
auth/ent/token/where.go:239.51,241.2 1 0
auth/ent/token/where.go:244.54,246.2 1 0
auth/ent/token/where.go:249.47,251.2 1 0
auth/ent/token/where.go:254.48,256.2 1 0
auth/ent/token/where.go:259.47,261.2 1 0
auth/ent/token/where.go:264.48,266.2 1 0
auth/ent/token/where.go:269.47,271.2 1 0
auth/ent/token/where.go:274.48,276.2 1 0
auth/ent/token/where.go:279.51,281.2 1 0
auth/ent/token/where.go:284.54,286.2 1 0
auth/ent/token/where.go:289.47,291.2 1 0
auth/ent/token/where.go:294.48,296.2 1 0
auth/ent/token/where.go:299.47,301.2 1 0
auth/ent/token/where.go:304.48,306.2 1 0
auth/ent/token/where.go:309.32,310.47 1 0
auth/ent/token/where.go:310.47,316.3 2 0
auth/ent/token/where.go:320.59,321.47 1 3
auth/ent/token/where.go:321.47,323.60 2 3
auth/ent/token/where.go:323.60,324.28 1 3
auth/ent/token/where.go:324.28,326.5 1 3
auth/ent/token/where.go:332.57,334.2 1 0
auth/ent/token/where.go:337.56,339.2 1 1
auth/ent/token/where.go:342.45,344.2 1 0
auth/ent/user/user.go:65.38,66.25 1 0
auth/ent/user/user.go:66.25,67.27 1 0
auth/ent/user/user.go:67.27,69.4 1 0
auth/ent/user/user.go:71.2,71.14 1 0
auth/ent/user/user.go:95.52,97.2 1 0
auth/ent/user/user.go:100.58,102.2 1 0
auth/ent/user/user.go:105.55,107.2 1 0
auth/ent/user/user.go:110.58,112.2 1 0
auth/ent/user/user.go:115.59,117.2 1 0
auth/ent/user/user.go:120.59,122.2 1 0
auth/ent/user/user.go:125.60,126.31 1 0
auth/ent/user/user.go:126.31,128.3 1 0
auth/ent/user/user.go:132.70,133.31 1 0
auth/ent/user/user.go:133.31,135.3 1 0
auth/ent/user/user.go:139.61,140.31 1 0
auth/ent/user/user.go:140.31,142.3 1 0
auth/ent/user/user.go:146.71,147.31 1 0
auth/ent/user/user.go:147.31,149.3 1 0
auth/ent/user/user.go:151.36,157.2 1 1
auth/ent/user/user.go:158.37,164.2 1 0
auth/ent/user/where.go:14.35,16.2 1 18
auth/ent/user/where.go:19.37,21.2 1 0
auth/ent/user/where.go:24.38,26.2 1 0
auth/ent/user/where.go:29.41,31.2 1 0
auth/ent/user/where.go:34.44,36.2 1 0
auth/ent/user/where.go:39.37,41.2 1 0
auth/ent/user/where.go:44.38,46.2 1 0
auth/ent/user/where.go:49.37,51.2 1 0
auth/ent/user/where.go:54.38,56.2 1 0
auth/ent/user/where.go:59.44,61.2 1 0
auth/ent/user/where.go:64.47,66.2 1 0
auth/ent/user/where.go:69.40,71.2 1 9
auth/ent/user/where.go:74.37,76.2 1 2
auth/ent/user/where.go:79.40,81.2 1 0
auth/ent/user/where.go:84.44,86.2 1 0
auth/ent/user/where.go:89.44,91.2 1 0
auth/ent/user/where.go:94.42,96.2 1 0
auth/ent/user/where.go:99.43,101.2 1 0
auth/ent/user/where.go:104.46,106.2 1 0
auth/ent/user/where.go:109.49,111.2 1 0
auth/ent/user/where.go:114.42,116.2 1 0
auth/ent/user/where.go:119.43,121.2 1 0
auth/ent/user/where.go:124.42,126.2 1 0
auth/ent/user/where.go:129.43,131.2 1 0
auth/ent/user/where.go:134.48,136.2 1 1
auth/ent/user/where.go:139.49,141.2 1 0
auth/ent/user/where.go:144.49,146.2 1 0
auth/ent/user/where.go:149.49,151.2 1 0
auth/ent/user/where.go:154.52,156.2 1 0
auth/ent/user/where.go:159.39,161.2 1 0
auth/ent/user/where.go:164.40,166.2 1 0
auth/ent/user/where.go:169.43,171.2 1 0
auth/ent/user/where.go:174.46,176.2 1 0
auth/ent/user/where.go:179.39,181.2 1 0
auth/ent/user/where.go:184.40,186.2 1 0
auth/ent/user/where.go:189.39,191.2 1 0
auth/ent/user/where.go:194.40,196.2 1 0
auth/ent/user/where.go:199.45,201.2 1 1
auth/ent/user/where.go:204.46,206.2 1 0
auth/ent/user/where.go:209.46,211.2 1 0
auth/ent/user/where.go:214.46,216.2 1 0
auth/ent/user/where.go:219.49,221.2 1 0
auth/ent/user/where.go:224.42,226.2 1 0
auth/ent/user/where.go:229.43,231.2 1 0
auth/ent/user/where.go:234.46,236.2 1 0
auth/ent/user/where.go:239.49,241.2 1 0
auth/ent/user/where.go:244.42,246.2 1 0
auth/ent/user/where.go:249.43,251.2 1 0
auth/ent/user/where.go:254.42,256.2 1 0
auth/ent/user/where.go:259.43,261.2 1 0
auth/ent/user/where.go:264.48,266.2 1 0
auth/ent/user/where.go:269.49,271.2 1 0
auth/ent/user/where.go:274.49,276.2 1 0
auth/ent/user/where.go:279.49,281.2 1 0
auth/ent/user/where.go:284.52,286.2 1 0
auth/ent/user/where.go:289.46,291.2 1 0
auth/ent/user/where.go:294.47,296.2 1 0
auth/ent/user/where.go:299.50,301.2 1 0
auth/ent/user/where.go:304.53,306.2 1 0
auth/ent/user/where.go:309.46,311.2 1 0
auth/ent/user/where.go:314.47,316.2 1 0
auth/ent/user/where.go:319.46,321.2 1 0
auth/ent/user/where.go:324.47,326.2 1 0
auth/ent/user/where.go:329.46,331.2 1 0
auth/ent/user/where.go:334.47,336.2 1 0
auth/ent/user/where.go:339.50,341.2 1 0
auth/ent/user/where.go:344.53,346.2 1 0
auth/ent/user/where.go:349.46,351.2 1 0
auth/ent/user/where.go:354.47,356.2 1 0
auth/ent/user/where.go:359.46,361.2 1 0
auth/ent/user/where.go:364.47,366.2 1 0
auth/ent/user/where.go:369.32,370.46 1 0
auth/ent/user/where.go:370.46,376.3 2 0
auth/ent/user/where.go:380.59,381.46 1 1
auth/ent/user/where.go:381.46,383.60 2 1
auth/ent/user/where.go:383.60,384.28 1 1
auth/ent/user/where.go:384.28,386.5 1 1
auth/ent/user/where.go:392.33,393.46 1 0
auth/ent/user/where.go:393.46,399.3 2 0
auth/ent/user/where.go:403.61,404.46 1 0
auth/ent/user/where.go:404.46,406.60 2 0
auth/ent/user/where.go:406.60,407.28 1 0
auth/ent/user/where.go:407.28,409.5 1 0
auth/ent/user/where.go:415.55,417.2 1 0
auth/ent/user/where.go:420.54,422.2 1 1
auth/ent/user/where.go:425.43,427.2 1 0
auth/internal/repository/role.go:375.60,377.2 1 1
auth/internal/repository/role.go:379.89,385.2 1 27
auth/internal/repository/role.go:387.85,389.2 1 5
auth/internal/repository/role.go:391.89,393.2 1 1
auth/internal/repository/role.go:395.89,401.2 1 1
auth/internal/repository/role.go:403.71,405.2 1 1
auth/internal/repository/role.go:407.92,412.2 1 1
auth/internal/repository/role.go:414.66,416.2 1 2
auth/internal/repository/role.go:418.94,422.2 1 1
auth/internal/repository/role.go:424.97,426.16 2 1
auth/internal/repository/role.go:426.16,428.3 1 0
auth/internal/repository/role.go:430.2,431.41 2 1
auth/internal/repository/role.go:431.41,432.22 1 2
auth/internal/repository/role.go:432.22,434.4 1 1
auth/internal/repository/role.go:437.2,443.12 3 1
auth/internal/repository/role.go:446.95,448.16 2 0
auth/internal/repository/role.go:448.16,450.3 1 0
auth/internal/repository/role.go:451.2,451.34 1 0
auth/internal/repository/role.go:454.90,458.2 1 1
auth/internal/repository/role.go:460.95,464.2 1 0
auth/internal/repository/role.go:466.98,471.16 2 1
auth/internal/repository/role.go:471.16,473.3 1 0
auth/internal/repository/role.go:474.2,474.34 1 1
auth/internal/repository/role.go:477.89,481.2 1 1
auth/internal/repository/role.go:483.100,487.2 1 3
auth/internal/repository/role.go:489.93,493.2 1 3
auth/internal/repository/role.go:495.95,499.2 1 1
auth/internal/repository/token.go:93.62,95.2 1 1
auth/internal/repository/token.go:98.142,106.2 1 9
auth/internal/repository/token.go:109.99,114.2 1 3
auth/internal/repository/token.go:117.86,127.16 2 3
auth/internal/repository/token.go:127.16,129.3 1 0
auth/internal/repository/token.go:131.2,131.19 1 3
auth/internal/repository/token.go:131.19,133.3 1 2
auth/internal/repository/token.go:135.2,135.12 1 1
auth/internal/repository/token.go:139.74,150.2 2 1
auth/internal/repository/token.go:153.108,162.2 1 2
auth/internal/repository/token.go:165.89,175.2 2 1
auth/internal/repository/user.go:354.60,356.2 1 1
auth/internal/repository/user.go:359.86,366.2 1 24
auth/internal/repository/user.go:369.85,371.2 1 5
auth/internal/repository/user.go:374.97,376.2 1 2
auth/internal/repository/user.go:379.91,381.2 1 2
auth/internal/repository/user.go:384.86,391.2 1 1
auth/internal/repository/user.go:394.71,396.2 1 2
auth/internal/repository/user.go:398.92,403.2 1 2
auth/internal/repository/user.go:406.66,408.2 1 2
auth/internal/repository/user.go:411.84,415.2 1 5
auth/internal/repository/user.go:418.87,422.2 1 1
auth/internal/repository/user.go:425.92,430.16 2 3
auth/internal/repository/user.go:430.16,432.3 1 0
auth/internal/repository/user.go:433.2,433.27 1 3
auth/internal/repository/user.go:437.89,446.2 1 1
auth/internal/repository/user.go:449.96,451.16 2 1
auth/internal/repository/user.go:451.16,453.3 1 0
auth/internal/repository/user.go:455.2,458.12 1 1
auth/internal/repository/user.go:463.98,467.2 1 1
auth/internal/repository/user.go:470.93,472.16 2 5
auth/internal/repository/user.go:472.16,474.3 1 0
auth/internal/repository/user.go:475.2,477.28 2 5
auth/internal/repository/user.go:481.92,483.16 2 2
auth/internal/repository/user.go:483.16,484.26 1 1
auth/internal/repository/user.go:484.26,486.4 1 1
auth/internal/repository/user.go:487.3,487.13 1 0
auth/internal/repository/user.go:490.2,490.70 1 1
